This is pdfTeX, Version 3.1415926-2.5-1.40.14 (MiKTeX 2.9) (preloaded format=pdflatex 2015.1.5)  3 SEP 2015 21:41
entering extended mode
**DissertationVY.tex
(C:\Users\Vadim\Documents\work\dissertation\final\DissertationVY.tex
LaTeX2e <2011/06/27>
Babel <v3.8m> and hyphenation patterns for english, afrikaans, ancientgreek, ar
abic, armenian, assamese, basque, bengali, bokmal, bulgarian, catalan, coptic, 
croatian, czech, danish, dutch, esperanto, estonian, farsi, finnish, french, ga
lician, german, german-x-2013-05-26, greek, gujarati, hindi, hungarian, iceland
ic, indonesian, interlingua, irish, italian, kannada, kurmanji, latin, latvian,
 lithuanian, malayalam, marathi, mongolian, mongolianlmc, monogreek, ngerman, n
german-x-2013-05-26, nynorsk, oriya, panjabi, pinyin, polish, portuguese, roman
ian, russian, sanskrit, serbian, slovak, slovenian, spanish, swedish, swissgerm
an, tamil, telugu, turkish, turkmen, ukenglish, ukrainian, uppersorbian, usengl
ishmax, welsh, loaded.
("C:\Program Files (x86)\MiKTeX 2.9\tex\latex\amscls\amsbook.cls"
Document Class: amsbook 2009/07/02 v2.20.1
\linespacing=\dimen102
\normalparindent=\dimen103
\normaltopskip=\skip41
("C:\Program Files (x86)\MiKTeX 2.9\tex\latex\amsmath\amsmath.sty"
Package: amsmath 2013/01/14 v2.14 AMS math features
\@mathmargin=\skip42

For additional information on amsmath, use the `?' option.
("C:\Program Files (x86)\MiKTeX 2.9\tex\latex\amsmath\amstext.sty"
Package: amstext 2000/06/29 v2.01

("C:\Program Files (x86)\MiKTeX 2.9\tex\latex\amsmath\amsgen.sty"
File: amsgen.sty 1999/11/30 v2.0
\@emptytoks=\toks14
\ex@=\dimen104
))
("C:\Program Files (x86)\MiKTeX 2.9\tex\latex\amsmath\amsbsy.sty"
Package: amsbsy 1999/11/29 v1.2d
\pmbraise@=\dimen105
)
("C:\Program Files (x86)\MiKTeX 2.9\tex\latex\amsmath\amsopn.sty"
Package: amsopn 1999/12/14 v2.01 operator names
)
\inf@bad=\count79
LaTeX Info: Redefining \frac on input line 210.
\uproot@=\count80
\leftroot@=\count81
LaTeX Info: Redefining \overline on input line 306.
\classnum@=\count82
\DOTSCASE@=\count83
LaTeX Info: Redefining \ldots on input line 378.
LaTeX Info: Redefining \dots on input line 381.
LaTeX Info: Redefining \cdots on input line 466.
\Mathstrutbox@=\box26
\strutbox@=\box27
\big@size=\dimen106
LaTeX Font Info:    Redeclaring font encoding OML on input line 566.
LaTeX Font Info:    Redeclaring font encoding OMS on input line 567.
\macc@depth=\count84
\c@MaxMatrixCols=\count85
\dotsspace@=\muskip10
\c@parentequation=\count86
\dspbrk@lvl=\count87
\tag@help=\toks15
\row@=\count88
\column@=\count89
\maxfields@=\count90
\andhelp@=\toks16
\eqnshift@=\dimen107
\alignsep@=\dimen108
\tagshift@=\dimen109
\tagwidth@=\dimen110
\totwidth@=\dimen111
\lineht@=\dimen112
\@envbody=\toks17
\multlinegap=\skip43
\multlinetaggap=\skip44
\mathdisplay@stack=\toks18
LaTeX Info: Redefining \[ on input line 2665.
LaTeX Info: Redefining \] on input line 2666.
)
LaTeX Font Info:    Try loading font information for U+msa on input line 367.

("C:\Program Files (x86)\MiKTeX 2.9\tex\latex\amsfonts\umsa.fd"
File: umsa.fd 2013/01/14 v3.01 AMS symbols A
)
("C:\Program Files (x86)\MiKTeX 2.9\tex\latex\amsfonts\amsfonts.sty"
Package: amsfonts 2013/01/14 v3.01 Basic AMSFonts support
\symAMSa=\mathgroup4
\symAMSb=\mathgroup5
LaTeX Font Info:    Overwriting math alphabet `\mathfrak' in version `bold'
(Font)                  U/euf/m/n --> U/euf/b/n on input line 106.
)
\copyins=\insert233
\abstractbox=\box28
\listisep=\skip45
\c@part=\count91
\c@chapter=\count92
\c@section=\count93
\c@subsection=\count94
\c@subsubsection=\count95
\c@paragraph=\count96
\c@subparagraph=\count97
\c@figure=\count98
\c@table=\count99
\abovecaptionskip=\skip46
\belowcaptionskip=\skip47
\captionindent=\dimen113
\thm@style=\toks19
\thm@bodyfont=\toks20
\thm@headfont=\toks21
\thm@notefont=\toks22
\thm@headpunct=\toks23
\thm@preskip=\skip48
\thm@postskip=\skip49
\thm@headsep=\skip50
\dth@everypar=\toks24
)
("C:\Program Files (x86)\MiKTeX 2.9\tex\latex\base\fontenc.sty"
Package: fontenc 2005/09/27 v1.99g Standard LaTeX package

("C:\Program Files (x86)\MiKTeX 2.9\tex\latex\base\t1enc.def"
File: t1enc.def 2005/09/27 v1.99g Standard LaTeX file
LaTeX Font Info:    Redeclaring font encoding T1 on input line 43.
))
("C:\Program Files (x86)\MiKTeX 2.9\tex\latex\tools\bm.sty"
Package: bm 2004/02/26 v1.1c Bold Symbol Support (DPC/FMi)
\symboldoperators=\mathgroup6
\symboldletters=\mathgroup7
\symboldsymbols=\mathgroup8
LaTeX Font Info:    Redeclaring math alphabet \mathbf on input line 138.
LaTeX Info: Redefining \bm on input line 204.
)
("C:\Program Files (x86)\MiKTeX 2.9\tex\latex\graphics\graphicx.sty"
Package: graphicx 1999/02/16 v1.0f Enhanced LaTeX Graphics (DPC,SPQR)

("C:\Program Files (x86)\MiKTeX 2.9\tex\latex\graphics\keyval.sty"
Package: keyval 1999/03/16 v1.13 key=value parser (DPC)
\KV@toks@=\toks25
)
("C:\Program Files (x86)\MiKTeX 2.9\tex\latex\graphics\graphics.sty"
Package: graphics 2009/02/05 v1.0o Standard LaTeX Graphics (DPC,SPQR)

("C:\Program Files (x86)\MiKTeX 2.9\tex\latex\graphics\trig.sty"
Package: trig 1999/03/16 v1.09 sin cos tan (DPC)
)
("C:\Program Files (x86)\MiKTeX 2.9\tex\latex\00miktex\graphics.cfg"
File: graphics.cfg 2007/01/18 v1.5 graphics configuration of teTeX/TeXLive
)
Package graphics Info: Driver file: pdftex.def on input line 91.

("C:\Program Files (x86)\MiKTeX 2.9\tex\latex\pdftex-def\pdftex.def"
File: pdftex.def 2011/05/27 v0.06d Graphics/color for pdfTeX

("C:\Program Files (x86)\MiKTeX 2.9\tex\generic\oberdiek\infwarerr.sty"
Package: infwarerr 2010/04/08 v1.3 Providing info/warning/error messages (HO)
)
("C:\Program Files (x86)\MiKTeX 2.9\tex\generic\oberdiek\ltxcmds.sty"
Package: ltxcmds 2011/11/09 v1.22 LaTeX kernel commands for general use (HO)
)
\Gread@gobject=\count100
))
\Gin@req@height=\dimen114
\Gin@req@width=\dimen115
)
("C:\Program Files (x86)\MiKTeX 2.9\tex\latex\bbm\bbm.sty"
Package: bbm 1999/03/15 V 1.2 provides fonts for set symbols - TH
LaTeX Font Info:    Overwriting math alphabet `\mathbbm' in version `bold'
(Font)                  U/bbm/m/n --> U/bbm/bx/n on input line 33.
LaTeX Font Info:    Overwriting math alphabet `\mathbbmss' in version `bold'
(Font)                  U/bbmss/m/n --> U/bbmss/bx/n on input line 35.
)
("C:\Program Files (x86)\MiKTeX 2.9\tex\latex\placeins\placeins.sty"
Package: placeins 2005/04/18  v 2.2
)
("C:\Program Files (x86)\MiKTeX 2.9\tex\latex\geometry\geometry.sty"
Package: geometry 2010/09/12 v5.6 Page Geometry

("C:\Program Files (x86)\MiKTeX 2.9\tex\generic\oberdiek\ifpdf.sty"
Package: ifpdf 2011/01/30 v2.3 Provides the ifpdf switch (HO)
Package ifpdf Info: pdfTeX in PDF mode is detected.
)
("C:\Program Files (x86)\MiKTeX 2.9\tex\generic\oberdiek\ifvtex.sty"
Package: ifvtex 2010/03/01 v1.5 Detect VTeX and its facilities (HO)
Package ifvtex Info: VTeX not detected.
)
("C:\Program Files (x86)\MiKTeX 2.9\tex\generic\ifxetex\ifxetex.sty"
Package: ifxetex 2010/09/12 v0.6 Provides ifxetex conditional
)
\Gm@cnth=\count101
\Gm@cntv=\count102
\c@Gm@tempcnt=\count103
\Gm@bindingoffset=\dimen116
\Gm@wd@mp=\dimen117
\Gm@odd@mp=\dimen118
\Gm@even@mp=\dimen119
\Gm@layoutwidth=\dimen120
\Gm@layoutheight=\dimen121
\Gm@layouthoffset=\dimen122
\Gm@layoutvoffset=\dimen123
\Gm@dimlist=\toks26

("C:\Program Files (x86)\MiKTeX 2.9\tex\latex\geometry\geometry.cfg"))
("C:\Program Files (x86)\MiKTeX 2.9\tex\latex\jknappen\mathrsfs.sty"
Package: mathrsfs 1996/01/01 Math RSFS package v1.0 (jk)
\symrsfs=\mathgroup9
)
("C:\Program Files (x86)\MiKTeX 2.9\tex\latex\url\url.sty"
\Urlmuskip=\muskip11
Package: url 2013/09/16  ver 3.4  Verb mode for urls, etc.
)
("C:\Program Files (x86)\MiKTeX 2.9\tex\latex\base\latexsym.sty"
Package: latexsym 1998/08/17 v2.2e Standard LaTeX package (lasy symbols)
\symlasy=\mathgroup10
LaTeX Font Info:    Overwriting symbol font `lasy' in version `bold'
(Font)                  U/lasy/m/n --> U/lasy/b/n on input line 47.
)
("C:\Program Files (x86)\MiKTeX 2.9\tex\latex\amsfonts\amssymb.sty"
Package: amssymb 2013/01/14 v3.01 AMS font symbols
)
("C:\Program Files (x86)\MiKTeX 2.9\tex\latex\amsfonts\eucal.sty"
Package: eucal 2009/06/22 v3.00 Euler Script fonts
LaTeX Font Info:    Overwriting math alphabet `\EuScript' in version `bold'
(Font)                  U/eus/m/n --> U/eus/b/n on input line 33.
)
("C:\Program Files (x86)\MiKTeX 2.9\tex\latex\graphics\epsfig.sty"
Package: epsfig 1999/02/16 v1.7a (e)psfig emulation (SPQR)
\epsfxsize=\dimen124
\epsfysize=\dimen125
)
("C:\Program Files (x86)\MiKTeX 2.9\tex\latex\graphics\color.sty"
Package: color 2005/11/14 v1.0j Standard LaTeX Color (DPC)

("C:\Program Files (x86)\MiKTeX 2.9\tex\latex\00miktex\color.cfg"
File: color.cfg 2007/01/18 v1.5 color configuration of teTeX/TeXLive
)
Package color Info: Driver file: pdftex.def on input line 130.
)
("C:\Program Files (x86)\MiKTeX 2.9\tex\latex\stmaryrd\stmaryrd.sty"
Package: stmaryrd 1994/03/03 St Mary's Road symbol package
\symstmry=\mathgroup11
LaTeX Font Info:    Overwriting symbol font `stmry' in version `bold'
(Font)                  U/stmry/m/n --> U/stmry/b/n on input line 89.
)
("C:\Program Files (x86)\MiKTeX 2.9\tex\latex\setspace\setspace.sty"
Package: setspace 2011/12/19 v6.7a set line spacing
)
\c@lemma=\count104

("C:\Program Files (x86)\MiKTeX 2.9\tex\generic\babel\babel.sty"
Package: babel 2008/07/08 v3.8m The Babel package

*************************************
* Local config file bblopts.cfg used
*
("C:\Program Files (x86)\MiKTeX 2.9\tex\latex\00miktex\bblopts.cfg"
File: bblopts.cfg 2006/07/31 v1.0 MiKTeX 'babel' configuration
)
("C:\Program Files (x86)\MiKTeX 2.9\tex\generic\babel\english.ldf"
Language: english 2005/03/30 v3.3o English support from the babel system

("C:\Program Files (x86)\MiKTeX 2.9\tex\generic\babel\babel.def"
File: babel.def 2008/07/08 v3.8m Babel common definitions
\babel@savecnt=\count105
\U@D=\dimen126
)
\l@canadian = a dialect from \language\l@american 
\l@australian = a dialect from \language\l@british 
\l@newzealand = a dialect from \language\l@british 
))
(C:\Users\Vadim\Documents\work\dissertation\final\DissertationVY.aux

LaTeX Warning: Label `obj fun' multiply defined.

)
LaTeX Font Info:    Checking defaults for OML/cmm/m/it on input line 71.
LaTeX Font Info:    ... okay on input line 71.
LaTeX Font Info:    Checking defaults for T1/cmr/m/n on input line 71.
LaTeX Font Info:    ... okay on input line 71.
LaTeX Font Info:    Checking defaults for OT1/cmr/m/n on input line 71.
LaTeX Font Info:    ... okay on input line 71.
LaTeX Font Info:    Checking defaults for OMS/cmsy/m/n on input line 71.
LaTeX Font Info:    ... okay on input line 71.
LaTeX Font Info:    Checking defaults for OMX/cmex/m/n on input line 71.
LaTeX Font Info:    ... okay on input line 71.
LaTeX Font Info:    Checking defaults for U/cmr/m/n on input line 71.
LaTeX Font Info:    ... okay on input line 71.
LaTeX Font Info:    Try loading font information for U+msa on input line 71.
 ("C:\Program Files (x86)\MiKTeX 2.9\tex\latex\amsfonts\umsa.fd"
File: umsa.fd 2013/01/14 v3.01 AMS symbols A
)
LaTeX Font Info:    Try loading font information for U+msb on input line 71.

("C:\Program Files (x86)\MiKTeX 2.9\tex\latex\amsfonts\umsb.fd"
File: umsb.fd 2013/01/14 v3.01 AMS symbols B
)
LaTeX Font Info:    Try loading font information for U+rsfs on input line 71.

("C:\Program Files (x86)\MiKTeX 2.9\tex\latex\jknappen\ursfs.fd"
File: ursfs.fd 1998/03/24 rsfs font definition file (jk)
)
LaTeX Font Info:    Try loading font information for U+lasy on input line 71.

("C:\Program Files (x86)\MiKTeX 2.9\tex\latex\base\ulasy.fd"
File: ulasy.fd 1998/08/17 v2.2e LaTeX symbol font definitions
)
LaTeX Font Info:    Try loading font information for U+stmry on input line 71.

("C:\Program Files (x86)\MiKTeX 2.9\tex\latex\stmaryrd\ustmry.fd")
("C:\Program Files (x86)\MiKTeX 2.9\tex\context\base\supp-pdf.mkii"
[Loading MPS to PDF converter (version 2006.09.02).]
\scratchcounter=\count106
\scratchdimen=\dimen127
\scratchbox=\box29
\nofMPsegments=\count107
\nofMParguments=\count108
\everyMPshowfont=\toks27
\MPscratchCnt=\count109
\MPscratchDim=\dimen128
\MPnumerator=\count110
\makeMPintoPDFobject=\count111
\everyMPtoPDFconversion=\toks28
)
*geometry* driver: auto-detecting
*geometry* detected driver: pdftex

Package geometry Warning: The marginal notes overrun the paper.
     Add 28.73001pt and more to the right margin.

*geometry* verbose mode - [ preamble ] result:
* driver: pdftex
* paper: <default>
* layout: <same size as paper>
* layoutoffset:(h,v)=(0.0pt,0.0pt)
* modes: 
* h-part:(L,W,R)=(72.26999pt, 469.75502pt, 72.26999pt)
* v-part:(T,H,B)=(72.26999pt, 650.43001pt, 72.26999pt)
* \paperwidth=614.295pt
* \paperheight=794.96999pt
* \textwidth=469.75502pt
* \textheight=650.43001pt
* \oddsidemargin=0.0pt
* \evensidemargin=0.0pt
* \topmargin=-22.0pt
* \headheight=8.0pt
* \headsep=14.0pt
* \topskip=10.0pt
* \footskip=18.0pt
* \marginparwidth=90.0pt
* \marginparsep=11.0pt
* \columnsep=10.0pt
* \skip\footins=7.0pt plus 11.0pt
* \hoffset=0.0pt
* \voffset=0.0pt
* \mag=1000
* \@twocolumnfalse
* \@twosidefalse
* \@mparswitchfalse
* \@reversemarginfalse
* (1in=72.27pt=25.4mm, 1cm=28.453pt)

[1{C:/ProgramData/MiKTeX/2.9/pdftex/config/pdftex.map}]
LaTeX Font Info:    Try loading font information for T1+cmtt on input line 134.


("C:\Program Files (x86)\MiKTeX 2.9\tex\latex\base\t1cmtt.fd"
File: t1cmtt.fd 1999/05/25 v2.5h Standard LaTeX font definitions
) [2] [3]
Underfull \vbox (badness 10000) has occurred while \output is active []

 [4]
[5]
Acknowledgements
[6


]
Contents
(C:\Users\Vadim\Documents\work\dissertation\final\DissertationVY.toc
Underfull \vbox (badness 1571) has occurred while \output is active []

 [7


])
\tf@toc=\write3

[8]
List of Figures
(C:\Users\Vadim\Documents\work\dissertation\final\DissertationVY.lof
Overfull \hbox (6.14685pt too wide) detected at line 5
\T1/cmr/m/n/12 2.4.1 
 []


Overfull \hbox (6.14685pt too wide) detected at line 6
\T1/cmr/m/n/12 2.4.2 
 []


Overfull \hbox (6.14685pt too wide) detected at line 8
\T1/cmr/m/n/12 3.2.1 
 []


Overfull \hbox (6.14685pt too wide) detected at line 9
\T1/cmr/m/n/12 3.2.2 
 []


Overfull \hbox (6.14685pt too wide) detected at line 10
\T1/cmr/m/n/12 3.2.3 
 []


Overfull \hbox (6.14685pt too wide) detected at line 12
\T1/cmr/m/n/12 4.2.1 
 []


Overfull \hbox (6.14685pt too wide) detected at line 13
\T1/cmr/m/n/12 4.2.2 
 []


Overfull \hbox (6.14685pt too wide) detected at line 15
\T1/cmr/m/n/12 5.2.1 
 []


Overfull \hbox (6.14685pt too wide) detected at line 16
\T1/cmr/m/n/12 5.2.2 
 []


Overfull \hbox (6.14685pt too wide) detected at line 17
\T1/cmr/m/n/12 5.2.3 
 []


Overfull \hbox (6.14685pt too wide) detected at line 18
\T1/cmr/m/n/12 5.3.1 
 []


Overfull \hbox (6.14685pt too wide) detected at line 20
\T1/cmr/m/n/12 6.3.1 
 []

)
\tf@lof=\write4
 [9


]
Chapter 1

Underfull \vbox (badness 10000) has occurred while \output is active []

 [1


]
[2]
Chapter 2

Underfull \vbox (badness 10000) has occurred while \output is active []

 [3


]
Underfull \vbox (badness 10000) has occurred while \output is active []

 [4]
LaTeX Font Info:    Try loading font information for U+eus on input line 443.

("C:\Program Files (x86)\MiKTeX 2.9\tex\latex\amsfonts\ueus.fd"
File: ueus.fd 2013/01/14 v3.01 Euler Script
)
Underfull \vbox (badness 10000) has occurred while \output is active []

 [5]
[6] [7]
Underfull \vbox (badness 1859) has occurred while \output is active []

 [8]
Underfull \vbox (badness 6300) has occurred while \output is active []

 [9]
<IM.png, id=76, 279.29344pt x 194.97844pt>
File: IM.png Graphic file (type png)
 <use IM.png>
Package pdftex.def Info: IM.png used on input line 593.
(pdftex.def)             Requested size: 224.16806pt x 156.49014pt.

Underfull \vbox (badness 6078) has occurred while \output is active []

 [10]
Underfull \vbox (badness 1748) has occurred while \output is active []

 [11 <C:/Users/Vadim/Documents/work/dissertation/final/IM.png>]
Underfull \vbox (badness 10000) has occurred while \output is active []

 [12]

Package amsmath Warning: Foreign command \over;
(amsmath)                \frac or \genfrac should be used instead
(amsmath)                 on input line 656.


Underfull \vbox (badness 10000) has occurred while \output is active []

 [13]
<Fig1.png, id=91, 254.45062pt x 183.68625pt>
File: Fig1.png Graphic file (type png)
 <use Fig1.png>
Package pdftex.def Info: Fig1.png used on input line 689.
(pdftex.def)             Requested size: 177.37653pt x 128.0374pt.
 [14 <C:/Users/Vadim/Documents/work/dissertation/final/Fig1.png>]
Chapter 3

Underfull \vbox (badness 10000) has occurred while \output is active []

 [15


]
Underfull \vbox (badness 2538) has occurred while \output is active []

 [16]
Underfull \vbox (badness 2894) has occurred while \output is active []

 [17]
Underfull \vbox (badness 10000) has occurred while \output is active []

 [18]
[19]
Underfull \vbox (badness 10000) has occurred while \output is active []

 [20]
Underfull \vbox (badness 10000) has occurred while \output is active []

 [21]
<Fig4.png, id=119, 526.96875pt x 339.51843pt>
File: Fig4.png Graphic file (type png)
 <use Fig4.png>
Package pdftex.def Info: Fig4.png used on input line 854.
(pdftex.def)             Requested size: 176.64217pt x 113.81102pt.

<Fig5.png, id=120, 539.01375pt x 341.77687pt>
File: Fig5.png Graphic file (type png)
 <use Fig5.png>
Package pdftex.def Info: Fig5.png used on input line 857.
(pdftex.def)             Requested size: 179.48712pt x 113.81102pt.


LaTeX Warning: `!h' float specifier changed to `!ht'.


Underfull \vbox (badness 10000) has occurred while \output is active []

 [22]
<Fig2b.png, id=126, 477.28313pt x 301.8778pt>
File: Fig2b.png Graphic file (type png)
 <use Fig2b.png>
Package pdftex.def Info: Fig2b.png used on input line 883.
(pdftex.def)             Requested size: 179.93477pt x 113.81102pt.

<Fig3b.png, id=127, 78.3796pt x 50.4041pt>
File: Fig3b.png Graphic file (type png)
 <use Fig3b.png>
Package pdftex.def Info: Fig3b.png used on input line 886.
(pdftex.def)             Requested size: 176.99823pt x 113.81102pt.


LaTeX Warning: `h' float specifier changed to `ht'.

[23 <C:/Users/Vadim/Documents/work/dissertation/final/Fig4.png> <C:/Users/Vadim
/Documents/work/dissertation/final/Fig5.png>]
Underfull \vbox (badness 3482) has occurred while \output is active []

 [24 <C:/Users/Vadim/Documents/work/dissertation/final/Fig2b.png> <C:/Users/Vad
im/Documents/work/dissertation/final/Fig3b.png>] <Fig6.png, id=135, 361.35pt x 
238.8925pt>
File: Fig6.png Graphic file (type png)

<use Fig6.png>
Package pdftex.def Info: Fig6.png used on input line 927.
(pdftex.def)             Requested size: 172.1503pt x 113.81102pt.
 <Fig7.png, id=136, 361.35pt x 230.8625pt>
File: Fig7.png Graphic file (type png)
 <use Fig7.png>
Package pdftex.def Info: Fig7.png used on input line 930.
(pdftex.def)             Requested size: 178.13823pt x 113.81102pt.


LaTeX Warning: `h' float specifier changed to `ht'.

[25]
Underfull \vbox (badness 1983) has occurred while \output is active []

 [26 <C:/Users/Vadim/Documents/work/dissertation/final/Fig6.png (PNG copy)> <C:
/Users/Vadim/Documents/work/dissertation/final/Fig7.png (PNG copy)>]
Underfull \vbox (badness 10000) has occurred while \output is active []

 [27]
Underfull \vbox (badness 10000) has occurred while \output is active []

 [28]
[29]
Underfull \vbox (badness 10000) has occurred while \output is active []

 [30]
Underfull \vbox (badness 10000) has occurred while \output is active []

 [31]
Underfull \vbox (badness 10000) has occurred while \output is active []

 [32]
Underfull \vbox (badness 10000) has occurred while \output is active []

 [33]
Underfull \vbox (badness 10000) has occurred while \output is active []

 [34]
Underfull \vbox (badness 10000) has occurred while \output is active []

 [35]
Underfull \vbox (badness 10000) has occurred while \output is active []

 [36]
Underfull \vbox (badness 10000) has occurred while \output is active []

 [37]
[38]
Chapter 4

Underfull \vbox (badness 10000) has occurred while \output is active []

 [39


]
Underfull \vbox (badness 10000) has occurred while \output is active []

 [40]
Underfull \vbox (badness 10000) has occurred while \output is active []

 [41]
[42] <Figures_SEPvedit.pdf, id=194, 361.35pt x 355.3275pt>
File: Figures_SEPvedit.pdf Graphic file (type pdf)

<use Figures_SEPvedit.pdf>
Package pdftex.def Info: Figures_SEPvedit.pdf used on input line 1324.
(pdftex.def)             Requested size: 305.42542pt x 300.33817pt.


LaTeX Warning: `h' float specifier changed to `ht'.


Underfull \vbox (badness 10000) has occurred while \output is active []

 [43]
Underfull \vbox (badness 10000) has occurred while \output is active []

 [44 <C:/Users/Vadim/Documents/work/dissertation/final/Figures_SEPvedit.pdf>]
Underfull \vbox (badness 10000) has occurred while \output is active []

 [45]

pdfTeX warning: miktex-pdftex.exe (file C:/Users/Vadim/Documents/work/dissertat
ion/final/Separation_F3_4.pdf): PDF inclusion: found PDF version <1.6>, but at 
most version <1.5> allowed
<Separation_F3_4.pdf, id=218, 752.52542pt x 408.02539pt>
File: Separation_F3_4.pdf Graphic file (type pdf)

<use Separation_F3_4.pdf>
Package pdftex.def Info: Separation_F3_4.pdf used on input line 1387.
(pdftex.def)             Requested size: 305.42542pt x 165.60425pt.

Underfull \vbox (badness 4927) has occurred while \output is active []

 [46 <C:/Users/Vadim/Documents/work/dissertation/final/Separation_F3_4.pdf>]
Underfull \vbox (badness 1742) has occurred while \output is active []

 [47]
[48]
Chapter 5

Underfull \vbox (badness 10000) has occurred while \output is active []

 [49


]
Underfull \vbox (badness 1616) has occurred while \output is active []

 [50]
Underfull \vbox (badness 10000) has occurred while \output is active []

 [51]
<Figures_CLONEvedit.pdf, id=315, 361.35pt x 355.3275pt>
File: Figures_CLONEvedit.pdf Graphic file (type pdf)

<use Figures_CLONEvedit.pdf>
Package pdftex.def Info: Figures_CLONEvedit.pdf used on input line 1590.
(pdftex.def)             Requested size: 164.45984pt x 161.71762pt.

Underfull \vbox (badness 10000) has occurred while \output is active []

 [52]
[53 <C:/Users/Vadim/Documents/work/dissertation/final/Figures_CLONEvedit.pdf>]

pdfTeX warning: miktex-pdftex.exe (file C:/Users/Vadim/Documents/work/dissertat
ion/final/Fig_2NC.pdf): PDF inclusion: found PDF version <1.6>, but at most ver
sion <1.5> allowed
<Fig_2NC.pdf, id=337, 725.70023pt x 367.08643pt>
File: Fig_2NC.pdf Graphic file (type pdf)
 <use Fig_2NC.pdf>
Package pdftex.def Info: Fig_2NC.pdf used on input line 1644.
(pdftex.def)             Requested size: 314.82315pt x 159.25pt.


LaTeX Warning: `h' float specifier changed to `ht'.


Underfull \vbox (badness 3088) has occurred while \output is active []

 [54]
Underfull \vbox (badness 10000) has occurred while \output is active []

 [55 <C:/Users/Vadim/Documents/work/dissertation/final/Fig_2NC.pdf>]

pdfTeX warning: miktex-pdftex.exe (file C:/Users/Vadim/Documents/work/dissertat
ion/final/Fig_3NC.pdf): PDF inclusion: found PDF version <1.6>, but at most ver
sion <1.5> allowed
<Fig_3NC.pdf, id=380, 715.81729pt x 388.26353pt>
File: Fig_3NC.pdf Graphic file (type pdf)
 <use Fig_3NC.pdf>
Package pdftex.def Info: Fig_3NC.pdf used on input line 1709.
(pdftex.def)             Requested size: 313.64836pt x 170.11961pt.
 [56]
[57 <C:/Users/Vadim/Documents/work/dissertation/final/Fig_3NC.pdf>]
Underfull \vbox (badness 10000) has occurred while \output is active []

 [58]
[59]
Overfull \hbox (27.32968pt too wide) in paragraph at lines 1828--1833
\T1/cmr/m/n/12 and we want to use the re-la-tion-ship in (5.3.7[]). Let us ex-p
and the co-sine term $[] [] \OT1/cmr/m/n/12 =$
 []


Underfull \vbox (badness 10000) has occurred while \output is active []

 [60]
Underfull \vbox (badness 10000) has occurred while \output is active []

 [61]
Underfull \vbox (badness 10000) has occurred while \output is active []

 [62]
Underfull \vbox (badness 10000) has occurred while \output is active []

 [63]
<FvsQ.pdf, id=448, 361.35pt x 359.3425pt>
File: FvsQ.pdf Graphic file (type pdf)
 <use FvsQ.pdf>
Package pdftex.def Info: FvsQ.pdf used on input line 1961.
(pdftex.def)             Requested size: 211.44836pt x 210.27208pt.
 [64 <C:/Users/Vadim/Documents/work/dissertation/final/FvsQ.pdf>]
Chapter 6
[65


]
Underfull \vbox (badness 10000) has occurred while \output is active []

 [66]
Underfull \vbox (badness 10000) has occurred while \output is active []

 [67]
Underfull \vbox (badness 10000) has occurred while \output is active []

 [68]
Underfull \vbox (badness 3849) has occurred while \output is active []

 [69]

pdfTeX warning: miktex-pdftex.exe (file C:/Users/Vadim/Documents/work/dissertat
ion/final/Separation_F5.pdf): PDF inclusion: found PDF version <1.6>, but at mo
st version <1.5> allowed
<Separation_F5.pdf, id=482, 690.40332pt x 434.85591pt>
File: Separation_F5.pdf Graphic file (type pdf)
 <use Separation_F5.pdf>
Package pdftex.def Info: Separation_F5.pdf used on input line 2125.
(pdftex.def)             Requested size: 211.44836pt x 133.17827pt.


LaTeX Warning: Citation `reck' on page 70 undefined on input line 2140.

[70 <C:/Users/Vadim/Documents/work/dissertation/final/Separation_F5.pdf>]
[71]
Underfull \vbox (badness 10000) has occurred while \output is active []

 [72]
Underfull \vbox (badness 10000) has occurred while \output is active []

 [73]
[74]
Bibliography

Underfull \vbox (badness 10000) has occurred while \output is active []

 [75


]
Underfull \vbox (badness 10000) has occurred while \output is active []

 [76]
[77] (C:\Users\Vadim\Documents\work\dissertation\final\DissertationVY.aux)

LaTeX Warning: There were undefined references.


LaTeX Warning: There were multiply-defined labels.

 )
(\end occurred inside a group at level 1)

### simple group (level 1) entered at line 920 ({)
### bottom level 
Here is how much of TeX's memory you used:
 4312 strings out of 493921
 54150 string characters out of 3144877
 117158 words of memory out of 3000000
 7293 multiletter control sequences out of 15000+200000
 32707 words of font info for 98 fonts, out of 3000000 for 9000
 1002 hyphenation exceptions out of 8191
 34i,17n,31p,1817b,434s stack positions out of 5000i,500n,10000p,200000b,50000s
 <C:\Users\Vadim\AppData\Local\MiKTeX\2.9\fonts\pk\ljfour\jknap
pen\ec\dpi600\ecti1000.pk> <C:\Users\Vadim\AppData\Local\MiKTeX\2.9\fonts\pk\lj
four\jknappen\ec\dpi600\ecbx1000.pk> <C:\Users\Vadim\AppData\Local\MiKTeX\2.9\f
onts\pk\ljfour\jknappen\ec\dpi600\ecrm1000.pk> <C:\Users\Vadim\AppData\Local\Mi
KTeX\2.9\fonts\pk\ljfour\jknappen\ec\dpi600\eccc1200.pk> <C:\Users\Vadim\AppDat
a\Local\MiKTeX\2.9\fonts\pk\ljfour\jknappen\ec\dpi600\ecti1200.pk> <C:\Users\Va
dim\AppData\Local\MiKTeX\2.9\fonts\pk\ljfour\jknappen\ec\dpi600\ecbx1200.pk> <C
:\Users\Vadim\AppData\Local\MiKTeX\2.9\fonts\pk\ljfour\jknappen\ec\dpi600\ecbx1
728.pk> <C:\Users\Vadim\AppData\Local\MiKTeX\2.9\fonts\pk\ljfour\jknappen\ec\dp
i600\ectt1200.pk> <C:\Users\Vadim\AppData\Local\MiKTeX\2.9\fonts\pk\ljfour\jkna
ppen\ec\dpi600\ecrm0900.pk> <C:\Users\Vadim\AppData\Local\MiKTeX\2.9\fonts\pk\l
jfour\jknappen\ec\dpi600\ecrm1200.pk> <C:\Users\Vadim\AppData\Local\MiKTeX\2.9\
fonts\pk\ljfour\jknappen\ec\dpi600\ecbx1440.pk><C:/Program Files (x86)/MiKTeX 2
.9/fonts/type1/public/amsfonts/cm/cmex10.pfb><C:/Program Files (x86)/MiKTeX 2.9
/fonts/type1/public/amsfonts/cm/cmmi10.pfb><C:/Program Files (x86)/MiKTeX 2.9/f
onts/type1/public/amsfonts/cm/cmmi12.pfb><C:/Program Files (x86)/MiKTeX 2.9/fon
ts/type1/public/amsfonts/cm/cmmi6.pfb><C:/Program Files (x86)/MiKTeX 2.9/fonts/
type1/public/amsfonts/cm/cmmi8.pfb><C:/Program Files (x86)/MiKTeX 2.9/fonts/typ
e1/public/amsfonts/cm/cmr10.pfb><C:/Program Files (x86)/MiKTeX 2.9/fonts/type1/
public/amsfonts/cm/cmr12.pfb><C:/Program Files (x86)/MiKTeX 2.9/fonts/type1/pub
lic/amsfonts/cm/cmr6.pfb><C:/Program Files (x86)/MiKTeX 2.9/fonts/type1/public/
amsfonts/cm/cmr7.pfb><C:/Program Files (x86)/MiKTeX 2.9/fonts/type1/public/amsf
onts/cm/cmr8.pfb><C:/Program Files (x86)/MiKTeX 2.9/fonts/type1/public/amsfonts
/cm/cmsy10.pfb><C:/Program Files (x86)/MiKTeX 2.9/fonts/type1/public/amsfonts/c
m/cmsy6.pfb><C:/Program Files (x86)/MiKTeX 2.9/fonts/type1/public/amsfonts/cm/c
msy7.pfb><C:/Program Files (x86)/MiKTeX 2.9/fonts/type1/public/amsfonts/cm/cmsy
8.pfb><C:/Program Files (x86)/MiKTeX 2.9/fonts/type1/public/amsfonts/euler/eusm
10.pfb><C:/Program Files (x86)/MiKTeX 2.9/fonts/type1/public/amsfonts/symbols/m
sbm10.pfb>
Output written on DissertationVY.pdf (86 pages, 1147635 bytes).
PDF statistics:
 1117 PDF objects out of 1200 (max. 8388607)
 0 named destinations out of 1000 (max. 500000)
 76 words of extra memory for PDF output out of 10000 (max. 10000000)

