This is pdfTeX, Version 3.1415926-2.5-1.40.14 (MiKTeX 2.9) (preloaded format=pdflatex 2015.1.5)  3 AUG 2015 19:57
entering extended mode
**Dissertation8.2.tex
(C:\Users\Vadim\Documents\work\dissertation\Dissertation8.2.tex
LaTeX2e <2011/06/27>
Babel <v3.8m> and hyphenation patterns for english, afrikaans, ancientgreek, ar
abic, armenian, assamese, basque, bengali, bokmal, bulgarian, catalan, coptic, 
croatian, czech, danish, dutch, esperanto, estonian, farsi, finnish, french, ga
lician, german, german-x-2013-05-26, greek, gujarati, hindi, hungarian, iceland
ic, indonesian, interlingua, irish, italian, kannada, kurmanji, latin, latvian,
 lithuanian, malayalam, marathi, mongolian, mongolianlmc, monogreek, ngerman, n
german-x-2013-05-26, nynorsk, oriya, panjabi, pinyin, polish, portuguese, roman
ian, russian, sanskrit, serbian, slovak, slovenian, spanish, swedish, swissgerm
an, tamil, telugu, turkish, turkmen, ukenglish, ukrainian, uppersorbian, usengl
ishmax, welsh, loaded.
("C:\Program Files (x86)\MiKTeX 2.9\tex\latex\amscls\amsbook.cls"
Document Class: amsbook 2009/07/02 v2.20.1
\linespacing=\dimen102
\normalparindent=\dimen103
\normaltopskip=\skip41
("C:\Program Files (x86)\MiKTeX 2.9\tex\latex\amsmath\amsmath.sty"
Package: amsmath 2013/01/14 v2.14 AMS math features
\@mathmargin=\skip42

For additional information on amsmath, use the `?' option.
("C:\Program Files (x86)\MiKTeX 2.9\tex\latex\amsmath\amstext.sty"
Package: amstext 2000/06/29 v2.01

("C:\Program Files (x86)\MiKTeX 2.9\tex\latex\amsmath\amsgen.sty"
File: amsgen.sty 1999/11/30 v2.0
\@emptytoks=\toks14
\ex@=\dimen104
))
("C:\Program Files (x86)\MiKTeX 2.9\tex\latex\amsmath\amsbsy.sty"
Package: amsbsy 1999/11/29 v1.2d
\pmbraise@=\dimen105
)
("C:\Program Files (x86)\MiKTeX 2.9\tex\latex\amsmath\amsopn.sty"
Package: amsopn 1999/12/14 v2.01 operator names
)
\inf@bad=\count79
LaTeX Info: Redefining \frac on input line 210.
\uproot@=\count80
\leftroot@=\count81
LaTeX Info: Redefining \overline on input line 306.
\classnum@=\count82
\DOTSCASE@=\count83
LaTeX Info: Redefining \ldots on input line 378.
LaTeX Info: Redefining \dots on input line 381.
LaTeX Info: Redefining \cdots on input line 466.
\Mathstrutbox@=\box26
\strutbox@=\box27
\big@size=\dimen106
LaTeX Font Info:    Redeclaring font encoding OML on input line 566.
LaTeX Font Info:    Redeclaring font encoding OMS on input line 567.
\macc@depth=\count84
\c@MaxMatrixCols=\count85
\dotsspace@=\muskip10
\c@parentequation=\count86
\dspbrk@lvl=\count87
\tag@help=\toks15
\row@=\count88
\column@=\count89
\maxfields@=\count90
\andhelp@=\toks16
\eqnshift@=\dimen107
\alignsep@=\dimen108
\tagshift@=\dimen109
\tagwidth@=\dimen110
\totwidth@=\dimen111
\lineht@=\dimen112
\@envbody=\toks17
\multlinegap=\skip43
\multlinetaggap=\skip44
\mathdisplay@stack=\toks18
LaTeX Info: Redefining \[ on input line 2665.
LaTeX Info: Redefining \] on input line 2666.
)
LaTeX Font Info:    Try loading font information for U+msa on input line 367.

("C:\Program Files (x86)\MiKTeX 2.9\tex\latex\amsfonts\umsa.fd"
File: umsa.fd 2013/01/14 v3.01 AMS symbols A
)
("C:\Program Files (x86)\MiKTeX 2.9\tex\latex\amsfonts\amsfonts.sty"
Package: amsfonts 2013/01/14 v3.01 Basic AMSFonts support
\symAMSa=\mathgroup4
\symAMSb=\mathgroup5
LaTeX Font Info:    Overwriting math alphabet `\mathfrak' in version `bold'
(Font)                  U/euf/m/n --> U/euf/b/n on input line 106.
)
\copyins=\insert233
\abstractbox=\box28
\listisep=\skip45
\c@part=\count91
\c@chapter=\count92
\c@section=\count93
\c@subsection=\count94
\c@subsubsection=\count95
\c@paragraph=\count96
\c@subparagraph=\count97
\c@figure=\count98
\c@table=\count99
\abovecaptionskip=\skip46
\belowcaptionskip=\skip47
\captionindent=\dimen113
\thm@style=\toks19
\thm@bodyfont=\toks20
\thm@headfont=\toks21
\thm@notefont=\toks22
\thm@headpunct=\toks23
\thm@preskip=\skip48
\thm@postskip=\skip49
\thm@headsep=\skip50
\dth@everypar=\toks24
)
("C:\Program Files (x86)\MiKTeX 2.9\tex\latex\base\fontenc.sty"
Package: fontenc 2005/09/27 v1.99g Standard LaTeX package

("C:\Program Files (x86)\MiKTeX 2.9\tex\latex\base\t1enc.def"
File: t1enc.def 2005/09/27 v1.99g Standard LaTeX file
LaTeX Font Info:    Redeclaring font encoding T1 on input line 43.
))
("C:\Program Files (x86)\MiKTeX 2.9\tex\latex\geometry\geometry.sty"
Package: geometry 2010/09/12 v5.6 Page Geometry

("C:\Program Files (x86)\MiKTeX 2.9\tex\latex\graphics\keyval.sty"
Package: keyval 1999/03/16 v1.13 key=value parser (DPC)
\KV@toks@=\toks25
)
("C:\Program Files (x86)\MiKTeX 2.9\tex\generic\oberdiek\ifpdf.sty"
Package: ifpdf 2011/01/30 v2.3 Provides the ifpdf switch (HO)
Package ifpdf Info: pdfTeX in PDF mode is detected.
)
("C:\Program Files (x86)\MiKTeX 2.9\tex\generic\oberdiek\ifvtex.sty"
Package: ifvtex 2010/03/01 v1.5 Detect VTeX and its facilities (HO)
Package ifvtex Info: VTeX not detected.
)
("C:\Program Files (x86)\MiKTeX 2.9\tex\generic\ifxetex\ifxetex.sty"
Package: ifxetex 2010/09/12 v0.6 Provides ifxetex conditional
)
\Gm@cnth=\count100
\Gm@cntv=\count101
\c@Gm@tempcnt=\count102
\Gm@bindingoffset=\dimen114
\Gm@wd@mp=\dimen115
\Gm@odd@mp=\dimen116
\Gm@even@mp=\dimen117
\Gm@layoutwidth=\dimen118
\Gm@layoutheight=\dimen119
\Gm@layouthoffset=\dimen120
\Gm@layoutvoffset=\dimen121
\Gm@dimlist=\toks26

("C:\Program Files (x86)\MiKTeX 2.9\tex\latex\geometry\geometry.cfg"))
("C:\Program Files (x86)\MiKTeX 2.9\tex\latex\jknappen\mathrsfs.sty"
Package: mathrsfs 1996/01/01 Math RSFS package v1.0 (jk)
\symrsfs=\mathgroup6
)
("C:\Program Files (x86)\MiKTeX 2.9\tex\latex\url\url.sty"
\Urlmuskip=\muskip11
Package: url 2013/09/16  ver 3.4  Verb mode for urls, etc.
)
("C:\Program Files (x86)\MiKTeX 2.9\tex\latex\base\latexsym.sty"
Package: latexsym 1998/08/17 v2.2e Standard LaTeX package (lasy symbols)
\symlasy=\mathgroup7
LaTeX Font Info:    Overwriting symbol font `lasy' in version `bold'
(Font)                  U/lasy/m/n --> U/lasy/b/n on input line 47.
)
("C:\Program Files (x86)\MiKTeX 2.9\tex\latex\amsfonts\amssymb.sty"
Package: amssymb 2013/01/14 v3.01 AMS font symbols
)
("C:\Program Files (x86)\MiKTeX 2.9\tex\latex\amsfonts\eucal.sty"
Package: eucal 2009/06/22 v3.00 Euler Script fonts
LaTeX Font Info:    Overwriting math alphabet `\EuScript' in version `bold'
(Font)                  U/eus/m/n --> U/eus/b/n on input line 33.
)
("C:\Program Files (x86)\MiKTeX 2.9\tex\latex\graphics\epsfig.sty"
Package: epsfig 1999/02/16 v1.7a (e)psfig emulation (SPQR)

("C:\Program Files (x86)\MiKTeX 2.9\tex\latex\graphics\graphicx.sty"
Package: graphicx 1999/02/16 v1.0f Enhanced LaTeX Graphics (DPC,SPQR)

("C:\Program Files (x86)\MiKTeX 2.9\tex\latex\graphics\graphics.sty"
Package: graphics 2009/02/05 v1.0o Standard LaTeX Graphics (DPC,SPQR)

("C:\Program Files (x86)\MiKTeX 2.9\tex\latex\graphics\trig.sty"
Package: trig 1999/03/16 v1.09 sin cos tan (DPC)
)
("C:\Program Files (x86)\MiKTeX 2.9\tex\latex\00miktex\graphics.cfg"
File: graphics.cfg 2007/01/18 v1.5 graphics configuration of teTeX/TeXLive
)
Package graphics Info: Driver file: pdftex.def on input line 91.

("C:\Program Files (x86)\MiKTeX 2.9\tex\latex\pdftex-def\pdftex.def"
File: pdftex.def 2011/05/27 v0.06d Graphics/color for pdfTeX

("C:\Program Files (x86)\MiKTeX 2.9\tex\generic\oberdiek\infwarerr.sty"
Package: infwarerr 2010/04/08 v1.3 Providing info/warning/error messages (HO)
)
("C:\Program Files (x86)\MiKTeX 2.9\tex\generic\oberdiek\ltxcmds.sty"
Package: ltxcmds 2011/11/09 v1.22 LaTeX kernel commands for general use (HO)
)
\Gread@gobject=\count103
))
\Gin@req@height=\dimen122
\Gin@req@width=\dimen123
)
\epsfxsize=\dimen124
\epsfysize=\dimen125
)
("C:\Program Files (x86)\MiKTeX 2.9\tex\latex\graphics\color.sty"
Package: color 2005/11/14 v1.0j Standard LaTeX Color (DPC)

("C:\Program Files (x86)\MiKTeX 2.9\tex\latex\00miktex\color.cfg"
File: color.cfg 2007/01/18 v1.5 color configuration of teTeX/TeXLive
)
Package color Info: Driver file: pdftex.def on input line 130.
)
("C:\Program Files (x86)\MiKTeX 2.9\tex\latex\stmaryrd\stmaryrd.sty"
Package: stmaryrd 1994/03/03 St Mary's Road symbol package
\symstmry=\mathgroup8
LaTeX Font Info:    Overwriting symbol font `stmry' in version `bold'
(Font)                  U/stmry/m/n --> U/stmry/b/n on input line 89.
)
("C:\Program Files (x86)\MiKTeX 2.9\tex\latex\setspace\setspace.sty"
Package: setspace 2011/12/19 v6.7a set line spacing
)
\c@lemma=\count104

("C:\Program Files (x86)\MiKTeX 2.9\tex\generic\babel\babel.sty"
Package: babel 2008/07/08 v3.8m The Babel package

*************************************
* Local config file bblopts.cfg used
*
("C:\Program Files (x86)\MiKTeX 2.9\tex\latex\00miktex\bblopts.cfg"
File: bblopts.cfg 2006/07/31 v1.0 MiKTeX 'babel' configuration
)
("C:\Program Files (x86)\MiKTeX 2.9\tex\generic\babel\english.ldf"
Language: english 2005/03/30 v3.3o English support from the babel system

("C:\Program Files (x86)\MiKTeX 2.9\tex\generic\babel\babel.def"
File: babel.def 2008/07/08 v3.8m Babel common definitions
\babel@savecnt=\count105
\U@D=\dimen126
)
\l@canadian = a dialect from \language\l@american 
\l@australian = a dialect from \language\l@british 
\l@newzealand = a dialect from \language\l@british 
))
(C:\Users\Vadim\Documents\work\dissertation\Dissertation8.2.aux

LaTeX Warning: Label `obj fun' multiply defined.


LaTeX Warning: Label `unit cond' multiply defined.


LaTeX Warning: Label `fig:3' multiply defined.

)
LaTeX Font Info:    Checking defaults for OML/cmm/m/it on input line 67.
LaTeX Font Info:    ... okay on input line 67.
LaTeX Font Info:    Checking defaults for T1/cmr/m/n on input line 67.
LaTeX Font Info:    ... okay on input line 67.
LaTeX Font Info:    Checking defaults for OT1/cmr/m/n on input line 67.
LaTeX Font Info:    ... okay on input line 67.
LaTeX Font Info:    Checking defaults for OMS/cmsy/m/n on input line 67.
LaTeX Font Info:    ... okay on input line 67.
LaTeX Font Info:    Checking defaults for OMX/cmex/m/n on input line 67.
LaTeX Font Info:    ... okay on input line 67.
LaTeX Font Info:    Checking defaults for U/cmr/m/n on input line 67.
LaTeX Font Info:    ... okay on input line 67.
LaTeX Font Info:    Try loading font information for U+msa on input line 67.
 ("C:\Program Files (x86)\MiKTeX 2.9\tex\latex\amsfonts\umsa.fd"
File: umsa.fd 2013/01/14 v3.01 AMS symbols A
)
LaTeX Font Info:    Try loading font information for U+msb on input line 67.

("C:\Program Files (x86)\MiKTeX 2.9\tex\latex\amsfonts\umsb.fd"
File: umsb.fd 2013/01/14 v3.01 AMS symbols B
)
LaTeX Font Info:    Try loading font information for U+rsfs on input line 67.

("C:\Program Files (x86)\MiKTeX 2.9\tex\latex\jknappen\ursfs.fd"
File: ursfs.fd 1998/03/24 rsfs font definition file (jk)
)
LaTeX Font Info:    Try loading font information for U+lasy on input line 67.

("C:\Program Files (x86)\MiKTeX 2.9\tex\latex\base\ulasy.fd"
File: ulasy.fd 1998/08/17 v2.2e LaTeX symbol font definitions
)
LaTeX Font Info:    Try loading font information for U+stmry on input line 67.

("C:\Program Files (x86)\MiKTeX 2.9\tex\latex\stmaryrd\ustmry.fd")
*geometry* driver: auto-detecting
*geometry* detected driver: pdftex

Package geometry Warning: The marginal notes overrun the paper.
     Add 28.73001pt and more to the right margin.

*geometry* verbose mode - [ preamble ] result:
* driver: pdftex
* paper: <default>
* layout: <same size as paper>
* layoutoffset:(h,v)=(0.0pt,0.0pt)
* modes: 
* h-part:(L,W,R)=(72.26999pt, 469.75502pt, 72.26999pt)
* v-part:(T,H,B)=(72.26999pt, 650.43001pt, 72.26999pt)
* \paperwidth=614.295pt
* \paperheight=794.96999pt
* \textwidth=469.75502pt
* \textheight=650.43001pt
* \oddsidemargin=0.0pt
* \evensidemargin=0.0pt
* \topmargin=-22.0pt
* \headheight=8.0pt
* \headsep=14.0pt
* \topskip=10.0pt
* \footskip=18.0pt
* \marginparwidth=90.0pt
* \marginparsep=11.0pt
* \columnsep=10.0pt
* \skip\footins=7.0pt plus 11.0pt
* \hoffset=0.0pt
* \voffset=0.0pt
* \mag=1000
* \@twocolumnfalse
* \@twosidefalse
* \@mparswitchfalse
* \@reversemarginfalse
* (1in=72.27pt=25.4mm, 1cm=28.453pt)

("C:\Program Files (x86)\MiKTeX 2.9\tex\context\base\supp-pdf.mkii"
[Loading MPS to PDF converter (version 2006.09.02).]
\scratchcounter=\count106
\scratchdimen=\dimen127
\scratchbox=\box29
\nofMPsegments=\count107
\nofMParguments=\count108
\everyMPshowfont=\toks27
\MPscratchCnt=\count109
\MPscratchDim=\dimen128
\MPnumerator=\count110
\makeMPintoPDFobject=\count111
\everyMPtoPDFconversion=\toks28
) [1{C:/ProgramData/MiKTeX/2.9/pdftex/config/pdftex.map}]
LaTeX Font Info:    Try loading font information for T1+cmtt on input line 130.


("C:\Program Files (x86)\MiKTeX 2.9\tex\latex\base\t1cmtt.fd"
File: t1cmtt.fd 1999/05/25 v2.5h Standard LaTeX font definitions
) [2] [3]

LaTeX Warning: Citation `Neumark' on page iv undefined on input line 262.

[4]
Acknowledgements
[5


]
Contents
(C:\Users\Vadim\Documents\work\dissertation\Dissertation8.2.toc
Underfull \vbox (badness 1571) has occurred while \output is active []

 [6


])
\tf@toc=\write3

[7]
List of Figures
(C:\Users\Vadim\Documents\work\dissertation\Dissertation8.2.lof
Overfull \hbox (6.14685pt too wide) detected at line 5
\T1/cmr/m/n/12 2.1.1 
 []


Overfull \hbox (6.14685pt too wide) detected at line 6
\T1/cmr/m/n/12 2.2.1 
 []


Overfull \hbox (6.14685pt too wide) detected at line 9
\T1/cmr/m/n/12 4.2.1 
 []


Overfull \hbox (6.14685pt too wide) detected at line 10
\T1/cmr/m/n/12 4.2.2 
 []


Overfull \hbox (6.14685pt too wide) detected at line 11
\T1/cmr/m/n/12 4.2.3 
 []


Overfull \hbox (6.14685pt too wide) detected at line 13
\T1/cmr/m/n/12 5.1.1 
 []


Overfull \hbox (6.14685pt too wide) detected at line 14
\T1/cmr/m/n/12 5.1.2 
 []


Overfull \hbox (6.14685pt too wide) detected at line 16
\T1/cmr/m/n/12 6.3.1 
 []


Underfull \vbox (badness 5832) has occurred while \output is active []

 [8


])
\tf@lof=\write4

[9]
Chapter 1

LaTeX Warning: Citation `Chefles' on page 1 undefined on input line 309.


LaTeX Warning: Citation `Higgins' on page 1 undefined on input line 310.


LaTeX Warning: Citation `Chefles3' on page 1 undefined on input line 311.


LaTeX Warning: Citation `Helstrom' on page 1 undefined on input line 317.


LaTeX Warning: Citation `Ban' on page 1 undefined on input line 319.


LaTeX Warning: Citation `Eldar' on page 1 undefined on input line 319.


LaTeX Warning: Citation `Chou' on page 1 undefined on input line 319.


LaTeX Warning: Citation `Barnett' on page 1 undefined on input line 320.


LaTeX Warning: Citation `Clarke1' on page 1 undefined on input line 321.


LaTeX Warning: Citation `Ivanovic' on page 1 undefined on input line 327.


LaTeX Warning: Citation `Jaeger' on page 1 undefined on input line 329.


LaTeX Warning: Citation `Huttner' on page 1 undefined on input line 331.


LaTeX Warning: Citation `Clarke2' on page 1 undefined on input line 332.


LaTeX Warning: Citation `Mohseni' on page 1 undefined on input line 333.


Underfull \vbox (badness 10000) has occurred while \output is active []

 [1


]

LaTeX Warning: Citation `Croke' on page 2 undefined on input line 339.


LaTeX Warning: Citation `HerzogImp' on page 2 undefined on input line 341.


LaTeX Warning: Citation `Steudle' on page 2 undefined on input line 342.


LaTeX Warning: Citation `Chefles5' on page 2 undefined on input line 346.


LaTeX Warning: Citation `Fiurasek' on page 2 undefined on input line 349.


LaTeX Warning: Citation `Sugimoto' on page 2 undefined on input line 353.


LaTeX Warning: Citation `Bagan' on page 2 undefined on input line 355.


LaTeX Warning: Citation `Herzog' on page 2 undefined on input line 359.


LaTeX Warning: Citation `Herzog1' on page 2 undefined on input line 359.


LaTeX Warning: Citation `Neumark' on page 2 undefined on input line 362.


LaTeX Warning: Citation `Bagan' on page 2 undefined on input line 364.


LaTeX Warning: Citation `Reck' on page 2 undefined on input line 375.


LaTeX Warning: Citation `Sun' on page 2 undefined on input line 375.


LaTeX Warning: Citation `BergouImp' on page 2 undefined on input line 375.


Underfull \vbox (badness 10000) has occurred while \output is active []

 [2]

LaTeX Warning: Citation `Andi2' on page 3 undefined on input line 384.


LaTeX Warning: Citation `Andi3' on page 3 undefined on input line 386.


LaTeX Warning: Citation `Shor1994' on page 3 undefined on input line 398.


LaTeX Warning: Citation `Bennett1992' on page 3 undefined on input line 399.


Underfull \vbox (badness 3179) has occurred while \output is active []

 [3]

LaTeX Warning: Citation `Neumark1' on page 4 undefined on input line 420.


Underfull \vbox (badness 2376) has occurred while \output is active []

 [4]
[5]
Chapter 2

Underfull \vbox (badness 10000) has occurred while \output is active []

 [6


]

LaTeX Warning: Citation `Helstrom1969' on page 7 undefined on input line 478.

<ME.png, id=64, 405.01312pt x 372.64218pt>
File: ME.png Graphic file (type png)
 <use ME.png>
Package pdftex.def Info: ME.png used on input line 495.
(pdftex.def)             Requested size: 241.85408pt x 241.84494pt.
 [7] [8 <C:/Users/Vadim/Documents/work/dissertation/ME.png>]
Underfull \vbox (badness 10000) has occurred while \output is active []

 [9]

LaTeX Warning: Reference `eq:P_E' on page 10 undefined on input line 595.


LaTeX Warning: Citation `Helstrom1969' on page 10 undefined on input line 596.


LaTeX Warning: Reference `eq:3povms' on page 10 undefined on input line 620.


Underfull \vbox (badness 10000) has occurred while \output is active []

 [10]
<Fig1.png, id=83, 254.45062pt x 183.68625pt>
File: Fig1.png Graphic file (type png)
 <use Fig1.png>
Package pdftex.def Info: Fig1.png used on input line 656.
(pdftex.def)             Requested size: 177.37653pt x 128.0374pt.


LaTeX Warning: Reference `Qb' on page 11 undefined on input line 663.


Underfull \vbox (badness 2088) has occurred while \output is active []

 [11 <C:/Users/Vadim/Documents/work/dissertation/Fig1.png>] [12]
Underfull \vbox (badness 10000) has occurred while \output is active []

 [13]
Underfull \vbox (badness 10000) has occurred while \output is active []

 [14]
[15]
Chapter 3

LaTeX Warning: Citation `Helstrom1969' on page 16 undefined on input line 806.


LaTeX Warning: Citation `Fuchs1996' on page 16 undefined on input line 806.


LaTeX Warning: Citation `Herzog2004' on page 16 undefined on input line 806.


Underfull \vbox (badness 3514) has occurred while \output is active []

 [16


]
Underfull \vbox (badness 10000) has occurred while \output is active []

 [17]
Underfull \vbox (badness 10000) has occurred while \output is active []

 [18]
Underfull \vbox (badness 10000) has occurred while \output is active []

 [19]
Underfull \vbox (badness 10000) has occurred while \output is active []

 [20]
Underfull \vbox (badness 10000) has occurred while \output is active []

 [21]
Underfull \vbox (badness 10000) has occurred while \output is active []

 [22]
Underfull \vbox (badness 3803) has occurred while \output is active []

 [23]
Underfull \vbox (badness 10000) has occurred while \output is active []

 [24]
[25]
Underfull \vbox (badness 10000) has occurred while \output is active []

 [26]
[27]
Overfull \hbox (76.2535pt too wide) in paragraph at lines 1126--1135
\T1/cmr/m/n/12 where $\OT1/cmr/m/n/12 
[] = []$ \T1/cmr/m/n/12 and $\OT1/cmr/m/n/12  = []$
 []


Underfull \vbox (badness 6364) has occurred while \output is active []

 [28]
Underfull \vbox (badness 10000) has occurred while \output is active []

 [29]
Underfull \vbox (badness 2020) has occurred while \output is active []

 [30]
Underfull \vbox (badness 10000) has occurred while \output is active []

 [31]
Underfull \vbox (badness 10000) has occurred while \output is active []

 [32]
Underfull \vbox (badness 10000) has occurred while \output is active []

 [33]
Underfull \vbox (badness 10000) has occurred while \output is active []

 [34]
Underfull \vbox (badness 10000) has occurred while \output is active []

 [35]
Underfull \vbox (badness 10000) has occurred while \output is active []

 [36]
Underfull \vbox (badness 10000) has occurred while \output is active []

 [37]
Underfull \vbox (badness 10000) has occurred while \output is active []

 [38]
Underfull \vbox (badness 10000) has occurred while \output is active []

 [39]
Underfull \vbox (badness 10000) has occurred while \output is active []

 [40]
Underfull \vbox (badness 10000) has occurred while \output is active []

 [41]
[42]
Chapter 4

LaTeX Warning: Citation `Hillery and Buzek 22' on page 43 undefined on input li
ne 1453.


LaTeX Warning: Citation `who?' on page 43 undefined on input line 1462.


LaTeX Warning: Citation `Wooters and Zurek 19' on page 43 undefined on input li
ne 1463.


LaTeX Warning: Citation `Dieks 20' on page 43 undefined on input line 1463.


Underfull \vbox (badness 10000) has occurred while \output is active []

 [43


]
[44]
Underfull \vbox (badness 10000) has occurred while \output is active []

 [45]

LaTeX Warning: Citation `DuanGuo' on page 46 undefined on input line 1523.

LaTeX Font Info:    Try loading font information for U+eus on input line 1523.
("C:\Program Files (x86)\MiKTeX 2.9\tex\latex\amsfonts\ueus.fd"
File: ueus.fd 2013/01/14 v3.01 Euler Script
)

LaTeX Warning: Citation `DuanGuo' on page 46 undefined on input line 1529.


LaTeX Warning: Citation `review' on page 46 undefined on input line 1529.


Underfull \vbox (badness 10000) has occurred while \output is active []

 [46]

LaTeX Warning: Citation `Bergou1' on page 47 undefined on input line 1547.

<Figures_CLONEvedit.pdf, id=201, 361.35pt x 355.3275pt>
File: Figures_CLONEvedit.pdf Graphic file (type pdf)

<use Figures_CLONEvedit.pdf>
Package pdftex.def Info: Figures_CLONEvedit.pdf used on input line 1550.
(pdftex.def)             Requested size: 164.45984pt x 161.71762pt.
 [47 <C:/Users/Vadim/Documents/work/dissertation/Figures_CLONEvedit.pdf>]

pdfTeX warning: miktex-pdftex.exe (file C:/Users/Vadim/Documents/work/dissertat
ion/Fig_2NC.pdf): PDF inclusion: found PDF version <1.6>, but at most version <
1.5> allowed
<Fig_2NC.pdf, id=219, 725.70023pt x 367.08643pt>
File: Fig_2NC.pdf Graphic file (type pdf)
 <use Fig_2NC.pdf>
Package pdftex.def Info: Fig_2NC.pdf used on input line 1604.
(pdftex.def)             Requested size: 314.82315pt x 159.25pt.


LaTeX Warning: `h' float specifier changed to `ht'.


Underfull \vbox (badness 10000) has occurred while \output is active []

 [48]

Package amsmath Warning: Foreign command \over;
(amsmath)                \frac or \genfrac should be used instead
(amsmath)                 on input line 1627.

[49 <C:/Users/Vadim/Documents/work/dissertation/Fig_2NC.pdf>] [50]

pdfTeX warning: miktex-pdftex.exe (file C:/Users/Vadim/Documents/work/dissertat
ion/Fig_3NC.pdf): PDF inclusion: found PDF version <1.6>, but at most version <
1.5> allowed
<Fig_3NC.pdf, id=269, 715.81729pt x 388.26353pt>
File: Fig_3NC.pdf Graphic file (type pdf)
 <use Fig_3NC.pdf>
Package pdftex.def Info: Fig_3NC.pdf used on input line 1669.
(pdftex.def)             Requested size: 313.64836pt x 170.11961pt.


LaTeX Warning: Citation `Bergou' on page 51 undefined on input line 1675.

[51 <C:/Users/Vadim/Documents/work/dissertation/Fig_3NC.pdf>]

LaTeX Warning: Citation `Bergou1' on page 52 undefined on input line 1697.


Underfull \vbox (badness 10000) has occurred while \output is active []

 [52]

LaTeX Warning: Citation `Chefles1999' on page 53 undefined on input line 1722.


LaTeX Warning: Citation `Chefles1999' on page 53 undefined on input line 1736.

[53]

LaTeX Warning: Reference `eq:fid' on page 54 undefined on input line 1746.


LaTeX Warning: Citation `Duan1998' on page 54 undefined on input line 1756.


Underfull \vbox (badness 10000) has occurred while \output is active []

 [54]
Underfull \vbox (badness 10000) has occurred while \output is active []

 [55]
Overfull \hbox (28.54149pt too wide) in alignment at lines 1844--1847
 [][][] []
 []


Underfull \vbox (badness 10000) has occurred while \output is active []

 [56]

LaTeX Warning: Reference `eq:fid' on page 57 undefined on input line 1908.


Underfull \vbox (badness 6876) has occurred while \output is active []

 [57]

LaTeX Warning: Citation `Bagan2012' on page 58 undefined on input line 1918.


LaTeX Warning: Reference `eq:separation constraint' on page 58 undefined on inp
ut line 1933.


Overfull \hbox (34.42923pt too wide) detected at line 1937
\OT1/cmr/m/n/12 [] = [](\OML/cmm/m/it/12 s \OMS/cmsy/m/n/12   []\OT1/cmr/m/n/1
2 ) \OMS/cmsy/m/n/12   \OML/cmm/m/it/12 s[][]
 []


Overfull \hbox (39.59918pt too wide) in alignment at lines 1939--1943
 [][][] []
 []


Underfull \vbox (badness 10000) has occurred while \output is active []

 [58]
[59]
Chapter 5

Underfull \vbox (badness 10000) has occurred while \output is active []

 [60


]

LaTeX Warning: Citation `us1' on page 61 undefined on input line 1972.


LaTeX Warning: Citation `Chefles+Barnett' on page 61 undefined on input line 19
74.


LaTeX Warning: Citation `Bergou' on page 61 undefined on input line 1975.


LaTeX Warning: Citation `DuanGuo' on page 61 undefined on input line 1977.


Underfull \vbox (badness 10000) has occurred while \output is active []

 [61]
Underfull \vbox (badness 10000) has occurred while \output is active []

 [62]
Underfull \vbox (badness 6792) has occurred while \output is active []

 [63]
<Figures_SEPvedit.pdf, id=353, 361.35pt x 355.3275pt>
File: Figures_SEPvedit.pdf Graphic file (type pdf)

<use Figures_SEPvedit.pdf>
Package pdftex.def Info: Figures_SEPvedit.pdf used on input line 2054.
(pdftex.def)             Requested size: 305.42542pt x 300.33817pt.
 [64 <C:/Users/Vadim/Documents/work/dissertation/Figures_SEPvedit.pdf>]
Underfull \vbox (badness 10000) has occurred while \output is active []

 [65]

pdfTeX warning: miktex-pdftex.exe (file C:/Users/Vadim/Documents/work/dissertat
ion/Separation_F3_4.pdf): PDF inclusion: found PDF version <1.6>, but at most v
ersion <1.5> allowed
<Separation_F3_4.pdf, id=375, 752.52542pt x 408.02539pt>
File: Separation_F3_4.pdf Graphic file (type pdf)

<use Separation_F3_4.pdf>
Package pdftex.def Info: Separation_F3_4.pdf used on input line 2117.
(pdftex.def)             Requested size: 305.42542pt x 165.60425pt.

Underfull \vbox (badness 10000) has occurred while \output is active []

 [66]
[67 <C:/Users/Vadim/Documents/work/dissertation/Separation_F3_4.pdf>]
Underfull \vbox (badness 10000) has occurred while \output is active []

 [68]
[69]
Chapter 6

LaTeX Warning: Citation `some experiments' on page 70 undefined on input line 2
236.

[70


]

LaTeX Warning: Citation `BergouImp' on page 71 undefined on input line 2252.


LaTeX Warning: Citation `Reck' on page 71 undefined on input line 2282.


LaTeX Warning: Citation `Sun' on page 71 undefined on input line 2287.


Underfull \vbox (badness 10000) has occurred while \output is active []

 [71]
Underfull \vbox (badness 10000) has occurred while \output is active []

 [72]
Underfull \vbox (badness 10000) has occurred while \output is active []

 [73]
Underfull \vbox (badness 10000) has occurred while \output is active []

 [74]

pdfTeX warning: miktex-pdftex.exe (file C:/Users/Vadim/Documents/work/dissertat
ion/Separation_F5.pdf): PDF inclusion: found PDF version <1.6>, but at most ver
sion <1.5> allowed
<Separation_F5.pdf, id=477, 690.40332pt x 434.85591pt>
File: Separation_F5.pdf Graphic file (type pdf)
 <use Separation_F5.pdf>
Package pdftex.def Info: Separation_F5.pdf used on input line 2400.
(pdftex.def)             Requested size: 211.44836pt x 133.17827pt.

Underfull \vbox (badness 2970) has occurred while \output is active []

 [75 <C:/Users/Vadim/Documents/work/dissertation/Separation_F5.pdf>]

LaTeX Warning: Citation `reck' on page 76 undefined on input line 2415.


LaTeX Warning: Citation `BergouImp' on page 76 undefined on input line 2415.


Underfull \vbox (badness 10000) has occurred while \output is active []

 [76]
Underfull \vbox (badness 10000) has occurred while \output is active []

 [77]
Underfull \vbox (badness 10000) has occurred while \output is active []

 [78]
[79]
Chapter 7
[80


]
Chapter 8

Underfull \vbox (badness 10000) has occurred while \output is active []

 [81


]
No file Dissertation8.2.bbl.
[82] (C:\Users\Vadim\Documents\work\dissertation\Dissertation8.2.aux)

LaTeX Warning: There were undefined references.


LaTeX Warning: There were multiply-defined labels.

 ) 
Here is how much of TeX's memory you used:
 4123 strings out of 493921
 51784 string characters out of 3144877
 114708 words of memory out of 3000000
 7140 multiletter control sequences out of 15000+200000
 25719 words of font info for 78 fonts, out of 3000000 for 9000
 1002 hyphenation exceptions out of 8191
 34i,14n,31p,1237b,326s stack positions out of 5000i,500n,10000p,200000b,50000s
 <C:\Users\Vadim\AppData\Local\MiKTeX\2.9\fonts\pk\ljfour\jknappen\ec\dpi600\
eccc1200.pk> <C:\Users\Vadim\AppData\Local\MiKTeX\2.9\fonts\pk\ljfour\jknappen\
ec\dpi600\ecti1200.pk> <C:\Users\Vadim\AppData\Local\MiKTeX\2.9\fonts\pk\ljfour
\jknappen\ec\dpi600\ecbx1200.pk> <C:\Users\Vadim\AppData\Local\MiKTeX\2.9\fonts
\pk\ljfour\jknappen\ec\dpi600\ecbx1728.pk> <C:\Users\Vadim\AppData\Local\MiKTeX
\2.9\fonts\pk\ljfour\jknappen\ec\dpi600\ectt1200.pk> <C:\Users\Vadim\AppData\Lo
cal\MiKTeX\2.9\fonts\pk\ljfour\jknappen\ec\dpi600\ecrm0900.pk> <C:\Users\Vadim\
AppData\Local\MiKTeX\2.9\fonts\pk\ljfour\jknappen\ec\dpi600\ecrm1200.pk> <C:\Us
ers\Vadim\AppData\Local\MiKTeX\2.9\fonts\pk\ljfour\jknappen\ec\dpi600\ecbx1440.
pk><C:/Program Files (x86)/MiKTeX 2.9/fonts/type1/public/amsfonts/cm/cmex10.pfb
><C:/Program Files (x86)/MiKTeX 2.9/fonts/type1/public/amsfonts/cm/cmmi10.pfb><
C:/Program Files (x86)/MiKTeX 2.9/fonts/type1/public/amsfonts/cm/cmmi12.pfb><C:
/Program Files (x86)/MiKTeX 2.9/fonts/type1/public/amsfonts/cm/cmmi6.pfb><C:/Pr
ogram Files (x86)/MiKTeX 2.9/fonts/type1/public/amsfonts/cm/cmmi8.pfb><C:/Progr
am Files (x86)/MiKTeX 2.9/fonts/type1/public/amsfonts/cm/cmr10.pfb><C:/Program 
Files (x86)/MiKTeX 2.9/fonts/type1/public/amsfonts/cm/cmr12.pfb><C:/Program Fil
es (x86)/MiKTeX 2.9/fonts/type1/public/amsfonts/cm/cmr6.pfb><C:/Program Files (
x86)/MiKTeX 2.9/fonts/type1/public/amsfonts/cm/cmr7.pfb><C:/Program Files (x86)
/MiKTeX 2.9/fonts/type1/public/amsfonts/cm/cmr8.pfb><C:/Program Files (x86)/MiK
TeX 2.9/fonts/type1/public/amsfonts/cm/cmsy10.pfb><C:/Program Files (x86)/MiKTe
X 2.9/fonts/type1/public/amsfonts/cm/cmsy6.pfb><C:/Program Files (x86)/MiKTeX 2
.9/fonts/type1/public/amsfonts/cm/cmsy7.pfb><C:/Program Files (x86)/MiKTeX 2.9/
fonts/type1/public/amsfonts/cm/cmsy8.pfb><C:/Program Files (x86)/MiKTeX 2.9/fon
ts/type1/public/amsfonts/euler/eusm10.pfb><C:/Program Files (x86)/MiKTeX 2.9/fo
nts/type1/public/amsfonts/symbols/msbm10.pfb>
Output written on Dissertation8.2.pdf (91 pages, 995942 bytes).
PDF statistics:
 985 PDF objects out of 1000 (max. 8388607)
 0 named destinations out of 1000 (max. 500000)
 41 words of extra memory for PDF output out of 10000 (max. 10000000)

