This is pdfTeX, Version 3.14159265-2.6-1.40.15 (TeX Live 2014) (preloaded format=pdflatex 2014.5.25)  3 APR 2015 15:15
entering extended mode
 restricted \write18 enabled.
 file:line:error style messages enabled.
 %&-line parsing enabled.
**SubspaceInterpolationFinal.tex
(./SubspaceInterpolationFinal.tex
LaTeX2e <2014/05/01>
Babel <3.9k> and hyphenation patterns for 78 languages loaded.
(/usr/local/texlive/2014/texmf-dist/tex/latex/revtex4/revtex4.cls
Document Class: revtex4 2001/08/02 v4.0 (http://publish.aps.org/revtex4/ for do
cumentation)
 Copyright (c) 2001 The American Physical Society.
 mailto:revtex@aps.org
 Licensed under the LPPL:
http://www.ctan.org/tex-archive/macros/latex/base/lppl.txt
 Arthur Ogawa <ogawa@teleport.com>
 Based on work by David Carlisle <david@dcarlisle.demon.co.uk>.
ltxutil: portions licensed from W. E. Baxter (web@superscript.com)
Class revtex4 Info: Repairing broken LateX \@sect on input line 596.
\intertabularlinepenalty=\count79
\@tbpen=\count80
\@arstrutbox@hline=\box26
Class revtex4 Info: Repairing broken LaTeX \@xbitor on input line 1610.
ltxgrid: portions licensed from W. E. Baxter (web@superscript.com)
\c@linecount=\count81
\output=\toks14
\@protection@box=\box27
\@topmark@saved=\toks15
\footins@saved=\box28
\pagesofar=\box29
\footbox=\box30
\pagegrid@col=\count82
Class revtex4 Info: Incorporating package {textcase}  [1998/11/12 v0.06 Text on
ly upper/lower case changing (DPC)]. on input line 3682.
(/usr/local/texlive/2014/texmf-dist/tex/latex/url/url.sty
\Urlmuskip=\muskip10
Package: url 2013/09/16  ver 3.4  Verb mode for urls, etc.
)
\c@affil=\count83
\absbox=\box31
\c@part=\count84
\c@section=\count85
\c@subsection=\count86
\c@subsubsection=\count87
\c@paragraph=\count88
\c@subparagraph=\count89
\abovecaptionskip=\skip41
\belowcaptionskip=\skip42
\c@figure=\count90
\c@table=\count91

(/usr/local/texlive/2014/texmf-dist/tex/latex/natbib/natbib.sty
Package: natbib 2010/09/13 8.31b (PWD, AO)
\bibhang=\skip43
\bibsep=\skip44
LaTeX Info: Redefining \cite on input line 694.
\c@NAT@ctr=\count92
)
\widetext@top=\box32
\widetext@bot=\box33

(/usr/local/texlive/2014/texmf-dist/tex/latex/revtex4/revsymb.sty
Package: revsymb 2001/08/02 v4.0 (http://publish.aps.org/revtex4/ for documenta
tion)
LaTeX Info: Redefining \REV@mathfrak on input line 118.
))
(/usr/local/texlive/2014/texmf-dist/tex/latex/revtex4/aps.rtx
File: aps.rtx 2001/08/02 v4.0 (http://publish.aps.org/revtex4/ for documentatio
n)
)
(/usr/local/texlive/2014/texmf-dist/tex/latex/revtex4/10pt.rtx
File: 10pt.rtx 2001/08/02 v4.0 (http://publish.aps.org/revtex4/ for documentati
on)
)
(/usr/local/texlive/2014/texmf-dist/tex/latex/tools/bm.sty
Package: bm 2004/02/26 v1.1c Bold Symbol Support (DPC/FMi)
\symboldoperators=\mathgroup4
\symboldletters=\mathgroup5
\symboldsymbols=\mathgroup6
LaTeX Font Info:    Redeclaring math alphabet \mathbf on input line 137.
LaTeX Info: Redefining \bm on input line 203.
)
(/usr/local/texlive/2014/texmf-dist/tex/latex/graphics/graphicx.sty
Package: graphicx 2014/04/25 v1.0g Enhanced LaTeX Graphics (DPC,SPQR)

(/usr/local/texlive/2014/texmf-dist/tex/latex/graphics/keyval.sty
Package: keyval 2014/05/08 v1.15 key=value parser (DPC)
\KV@toks@=\toks16
)
(/usr/local/texlive/2014/texmf-dist/tex/latex/graphics/graphics.sty
Package: graphics 2009/02/05 v1.0o Standard LaTeX Graphics (DPC,SPQR)

(/usr/local/texlive/2014/texmf-dist/tex/latex/graphics/trig.sty
Package: trig 1999/03/16 v1.09 sin cos tan (DPC)
)
(/usr/local/texlive/2014/texmf-dist/tex/latex/latexconfig/graphics.cfg
File: graphics.cfg 2010/04/23 v1.9 graphics configuration of TeX Live
)
Package graphics Info: Driver file: pdftex.def on input line 91.

(/usr/local/texlive/2014/texmf-dist/tex/latex/pdftex-def/pdftex.def
File: pdftex.def 2011/05/27 v0.06d Graphics/color for pdfTeX

(/usr/local/texlive/2014/texmf-dist/tex/generic/oberdiek/infwarerr.sty
Package: infwarerr 2010/04/08 v1.3 Providing info/warning/error messages (HO)
)
(/usr/local/texlive/2014/texmf-dist/tex/generic/oberdiek/ltxcmds.sty
Package: ltxcmds 2011/11/09 v1.22 LaTeX kernel commands for general use (HO)
)
\Gread@gobject=\count93
))
\Gin@req@height=\dimen102
\Gin@req@width=\dimen103
)
(/usr/local/texlive/2014/texmf-dist/tex/latex/amsmath/amsmath.sty
Package: amsmath 2013/01/14 v2.14 AMS math features
\@mathmargin=\skip45

For additional information on amsmath, use the `?' option.
(/usr/local/texlive/2014/texmf-dist/tex/latex/amsmath/amstext.sty
Package: amstext 2000/06/29 v2.01

(/usr/local/texlive/2014/texmf-dist/tex/latex/amsmath/amsgen.sty
File: amsgen.sty 1999/11/30 v2.0
\@emptytoks=\toks17
\ex@=\dimen104
))
(/usr/local/texlive/2014/texmf-dist/tex/latex/amsmath/amsbsy.sty
Package: amsbsy 1999/11/29 v1.2d
LaTeX Info: Redefining \boldsymbol on input line 39.
\pmbraise@=\dimen105
)
(/usr/local/texlive/2014/texmf-dist/tex/latex/amsmath/amsopn.sty
Package: amsopn 1999/12/14 v2.01 operator names
)
\inf@bad=\count94
LaTeX Info: Redefining \frac on input line 210.
\uproot@=\count95
\leftroot@=\count96
LaTeX Info: Redefining \overline on input line 306.
\classnum@=\count97
\DOTSCASE@=\count98
LaTeX Info: Redefining \ldots on input line 378.
LaTeX Info: Redefining \dots on input line 381.
LaTeX Info: Redefining \cdots on input line 466.
\Mathstrutbox@=\box34
\strutbox@=\box35
\big@size=\dimen106
LaTeX Font Info:    Redeclaring font encoding OML on input line 566.
LaTeX Font Info:    Redeclaring font encoding OMS on input line 567.
\macc@depth=\count99
\c@MaxMatrixCols=\count100
\dotsspace@=\muskip11
\c@parentequation=\count101
\dspbrk@lvl=\count102
\tag@help=\toks18
\row@=\count103
\column@=\count104
\maxfields@=\count105
\andhelp@=\toks19
\eqnshift@=\dimen107
\alignsep@=\dimen108
\tagshift@=\dimen109
\tagwidth@=\dimen110
\totwidth@=\dimen111
\lineht@=\dimen112
\@envbody=\toks20
\multlinegap=\skip46
\multlinetaggap=\skip47
\mathdisplay@stack=\toks21
LaTeX Info: Redefining \[ on input line 2665.
LaTeX Info: Redefining \] on input line 2666.
)
(/usr/local/texlive/2014/texmf-dist/tex/latex/bbm-macros/bbm.sty
Package: bbm 1999/03/15 V 1.2 provides fonts for set symbols - TH
LaTeX Font Info:    Overwriting math alphabet `\mathbbm' in version `bold'
(Font)                  U/bbm/m/n --> U/bbm/bx/n on input line 33.
LaTeX Font Info:    Overwriting math alphabet `\mathbbmss' in version `bold'
(Font)                  U/bbmss/m/n --> U/bbmss/bx/n on input line 35.
)
(/usr/local/texlive/2014/texmf-dist/tex/latex/placeins/placeins.sty
Package: placeins 2005/04/18  v 2.2
)
(/usr/local/texlive/2014/texmf-dist/tex/latex/amsfonts/amssymb.sty
Package: amssymb 2013/01/14 v3.01 AMS font symbols

(/usr/local/texlive/2014/texmf-dist/tex/latex/amsfonts/amsfonts.sty
Package: amsfonts 2013/01/14 v3.01 Basic AMSFonts support
\symAMSa=\mathgroup7
\symAMSb=\mathgroup8
LaTeX Font Info:    Overwriting math alphabet `\mathfrak' in version `bold'
(Font)                  U/euf/m/n --> U/euf/b/n on input line 106.
LaTeX Info: Redefining \frak on input line 111.
LaTeX Info: Redefining \Bbb on input line 113.
))
(/usr/local/texlive/2014/texmf-dist/tex/latex/amscls/amsthm.sty
Package: amsthm 2004/08/06 v2.20
\thm@style=\toks22
\thm@bodyfont=\toks23
\thm@headfont=\toks24
\thm@notefont=\toks25
\thm@headpunct=\toks26
\thm@preskip=\skip48
\thm@postskip=\skip49
\thm@headsep=\skip50
\dth@everypar=\toks27
)
(/usr/local/texlive/2014/texmf-dist/tex/latex/amsfonts/eucal.sty
Package: eucal 2009/06/22 v3.00 Euler Script fonts
LaTeX Font Info:    Overwriting math alphabet `\EuScript' in version `bold'
(Font)                  U/eus/m/n --> U/eus/b/n on input line 33.
)
No file SubspaceInterpolationFinal.aux.
\openout1 = `SubspaceInterpolationFinal.aux'.

LaTeX Font Info:    Checking defaults for OML/cmm/m/it on input line 55.
LaTeX Font Info:    ... okay on input line 55.
LaTeX Font Info:    Checking defaults for T1/cmr/m/n on input line 55.
LaTeX Font Info:    ... okay on input line 55.
LaTeX Font Info:    Checking defaults for OT1/cmr/m/n on input line 55.
LaTeX Font Info:    ... okay on input line 55.
LaTeX Font Info:    Checking defaults for OMS/cmsy/m/n on input line 55.
LaTeX Font Info:    ... okay on input line 55.
LaTeX Font Info:    Checking defaults for OMX/cmex/m/n on input line 55.
LaTeX Font Info:    ... okay on input line 55.
LaTeX Font Info:    Checking defaults for U/cmr/m/n on input line 55.
LaTeX Font Info:    ... okay on input line 55.
Class revtex4 Info: Patching LaTeX tabular. on input line 55.
Class revtex4 Info: cite was not loaded (OK!) on input line 55.
Class revtex4 Info: multicol was not loaded (OK!) on input line 55.
(/usr/local/texlive/2014/texmf-dist/tex/context/base/supp-pdf.mkii
[Loading MPS to PDF converter (version 2006.09.02).]
\scratchcounter=\count106
\scratchdimen=\dimen113
\scratchbox=\box36
\nofMPsegments=\count107
\nofMParguments=\count108
\everyMPshowfont=\toks28
\MPscratchCnt=\count109
\MPscratchDim=\dimen114
\MPnumerator=\count110
\makeMPintoPDFobject=\count111
\everyMPtoPDFconversion=\toks29
) (/usr/local/texlive/2014/texmf-dist/tex/generic/oberdiek/pdftexcmds.sty
Package: pdftexcmds 2011/11/29 v0.20 Utility functions of pdfTeX for LuaTeX (HO
)

(/usr/local/texlive/2014/texmf-dist/tex/generic/oberdiek/ifluatex.sty
Package: ifluatex 2010/03/01 v1.3 Provides the ifluatex switch (HO)
Package ifluatex Info: LuaTeX not detected.
)
(/usr/local/texlive/2014/texmf-dist/tex/generic/oberdiek/ifpdf.sty
Package: ifpdf 2011/01/30 v2.3 Provides the ifpdf switch (HO)
Package ifpdf Info: pdfTeX in PDF mode is detected.
)
Package pdftexcmds Info: LuaTeX not detected.
Package pdftexcmds Info: \pdf@primitive is available.
Package pdftexcmds Info: \pdf@ifprimitive is available.
Package pdftexcmds Info: \pdfdraftmode found.
)
(/usr/local/texlive/2014/texmf-dist/tex/latex/oberdiek/epstopdf-base.sty
Package: epstopdf-base 2010/02/09 v2.5 Base part for package epstopdf

(/usr/local/texlive/2014/texmf-dist/tex/latex/oberdiek/grfext.sty
Package: grfext 2010/08/19 v1.1 Manage graphics extensions (HO)

(/usr/local/texlive/2014/texmf-dist/tex/generic/oberdiek/kvdefinekeys.sty
Package: kvdefinekeys 2011/04/07 v1.3 Define keys (HO)
))
(/usr/local/texlive/2014/texmf-dist/tex/latex/oberdiek/kvoptions.sty
Package: kvoptions 2011/06/30 v3.11 Key value format for package options (HO)

(/usr/local/texlive/2014/texmf-dist/tex/generic/oberdiek/kvsetkeys.sty
Package: kvsetkeys 2012/04/25 v1.16 Key value parser (HO)

(/usr/local/texlive/2014/texmf-dist/tex/generic/oberdiek/etexcmds.sty
Package: etexcmds 2011/02/16 v1.5 Avoid name clashes with e-TeX commands (HO)
Package etexcmds Info: Could not find \expanded.
(etexcmds)             That can mean that you are not using pdfTeX 1.50 or
(etexcmds)             that some package has redefined \expanded.
(etexcmds)             In the latter case, load this package earlier.
)))
Package grfext Info: Graphics extension search list:
(grfext)             [.png,.pdf,.jpg,.mps,.jpeg,.jbig2,.jb2,.PNG,.PDF,.JPG,.JPE
G,.JBIG2,.JB2,.eps]
(grfext)             \AppendGraphicsExtensions on input line 452.

(/usr/local/texlive/2014/texmf-dist/tex/latex/latexconfig/epstopdf-sys.cfg
File: epstopdf-sys.cfg 2010/07/13 v1.3 Configuration of (r)epstopdf for TeX Liv
e
))
LaTeX Font Info:    Try loading font information for U+msa on input line 63.

(/usr/local/texlive/2014/texmf-dist/tex/latex/amsfonts/umsa.fd
File: umsa.fd 2013/01/14 v3.01 AMS symbols A
)
LaTeX Font Info:    Try loading font information for U+msb on input line 63.

(/usr/local/texlive/2014/texmf-dist/tex/latex/amsfonts/umsb.fd
File: umsb.fd 2013/01/14 v3.01 AMS symbols B
)

Package natbib Warning: Citation `nielsen1' on page 1 undefined on input line 7
4.


Package natbib Warning: Citation `bergourev' on page 1 undefined on input line 
76.


Package natbib Warning: Citation `helstrom' on page 1 undefined on input line 7
8.


Package natbib Warning: Citation `ivanovic' on page 1 undefined on input line 7
8.


Package natbib Warning: Citation `dieks' on page 1 undefined on input line 78.


Package natbib Warning: Citation `peres' on page 1 undefined on input line 78.


Package natbib Warning: Citation `jaeger' on page 1 undefined on input line 78.



Package natbib Warning: Citation `chefles1' on page 1 undefined on input line 7
8.


Package natbib Warning: Citation `croke' on page 1 undefined on input line 78.


Package natbib Warning: Citation `herzog1' on page 1 undefined on input line 78
.


Package natbib Warning: Citation `chefles2' on page 1 undefined on input line 8
0.


Package natbib Warning: Citation `fiurasek' on page 1 undefined on input line 8
0.


Package natbib Warning: Citation `zhang' on page 1 undefined on input line 80.


Package natbib Warning: Citation `eldar' on page 1 undefined on input line 80.


Package natbib Warning: Citation `touzel' on page 1 undefined on input line 80.



Package natbib Warning: Citation `herzog2' on page 1 undefined on input line 80
.

[1{/usr/local/texlive/2014/texmf-var/fonts/map/pdftex/updmap/pdftex.map}]

Package natbib Warning: Citation `hayashi' on page 2 undefined on input line 82
.


Package natbib Warning: Citation `sugimoto' on page 2 undefined on input line 8
2.


Package natbib Warning: Citation `Bagan' on page 2 undefined on input line 82.


Package natbib Warning: Citation `Herzog1' on page 2 undefined on input line 82
.


Package natbib Warning: Citation `Bagan' on page 2 undefined on input line 82.


Package natbib Warning: Citation `Herzog1' on page 2 undefined on input line 83
.


Package natbib Warning: Citation `Bagan' on page 2 undefined on input line 85.


Package natbib Warning: Citation `HB' on page 2 undefined on input line 85.


Package natbib Warning: Citation `BFH' on page 2 undefined on input line 85.


Package natbib Warning: Citation `BBFHH' on page 2 undefined on input line 85.


LaTeX Warning: Reference `sec:2' on page 2 undefined on input line 91.


Package natbib Warning: Citation `Bagan' on page 2 undefined on input line 91.


LaTeX Warning: Reference `sec:3' on page 2 undefined on input line 91.


Package natbib Warning: Citation `Bagan' on page 2 undefined on input line 97.


Package natbib Warning: Citation `ivanovic' on page 2 undefined on input line 9
9.


Package natbib Warning: Citation `dieks' on page 2 undefined on input line 99.


Package natbib Warning: Citation `peres' on page 2 undefined on input line 99.


Package natbib Warning: Citation `jaeger' on page 2 undefined on input line 99.



Package natbib Warning: Citation `helstrom' on page 2 undefined on input line 1
14.


Package natbib Warning: Citation `bergourev' on page 2 undefined on input line 
119.

[2]

LaTeX Warning: Reference `PE' on page 3 undefined on input line 131.


LaTeX Warning: Reference `tildePe' on page 3 undefined on input line 153.


LaTeX Warning: Reference `tildestates' on page 3 undefined on input line 153.


LaTeX Warning: Reference `PE' on page 3 undefined on input line 153.


LaTeX Warning: Reference `tildestates' on page 3 undefined on input line 162.


LaTeX Warning: Reference `Q' on page 3 undefined on input line 167.


LaTeX Warning: Reference `tildePe3' on page 3 undefined on input line 174.


LaTeX Warning: Reference `xi' on page 3 undefined on input line 175.


LaTeX Warning: Reference `Qmax' on page 3 undefined on input line 184.


LaTeX Warning: Reference `PeSol1' on page 3 undefined on input line 188.


LaTeX Warning: Reference `xi' on page 3 undefined on input line 189.


LaTeX Warning: Reference `xi' on page 3 undefined on input line 192.


LaTeX Warning: Reference `Fig1' on page 3 undefined on input line 200.


LaTeX Warning: Reference `Qmax' on page 3 undefined on input line 200.


LaTeX Warning: Reference `PeSol1' on page 3 undefined on input line 201.


LaTeX Warning: Reference `PeSol1' on page 3 undefined on input line 201.

<Fig1.png, id=25, 254.45062pt x 183.68625pt>
File: Fig1.png Graphic file (type png)
 <use Fig1.png>
Package pdftex.def Info: Fig1.png used on input line 205.
(pdftex.def)             Requested size: 177.37653pt x 128.0374pt.


LaTeX Warning: Reference `Qmax' on page 3 undefined on input line 206.


LaTeX Warning: Reference `Qb' on page 3 undefined on input line 206.


LaTeX Warning: Reference `Qmax' on page 3 undefined on input line 206.


LaTeX Warning: Reference `Qb' on page 3 undefined on input line 206.

[3 <./Fig1.png>]

LaTeX Warning: Reference `Qmax' on page 4 undefined on input line 227.


LaTeX Warning: Reference `PeSol1' on page 4 undefined on input line 227.


LaTeX Warning: Reference `Qmax' on page 4 undefined on input line 277.


LaTeX Warning: Reference `PeSol1' on page 4 undefined on input line 277.


LaTeX Warning: Reference `PeSol2' on page 4 undefined on input line 277.


LaTeX Warning: Reference `PeSol1' on page 4 undefined on input line 279.


LaTeX Warning: Reference `Qmax' on page 4 undefined on input line 284.

[4]

LaTeX Warning: Reference `Pei2' on page 5 undefined on input line 312.


LaTeX Warning: Reference `Qtot2' on page 5 undefined on input line 315.


LaTeX Warning: Reference `Pe2' on page 5 undefined on input line 317.


Overfull \hbox (10.86919pt too wide) in alignment at lines 332--339
 [][][] []
 []


LaTeX Warning: Reference `Qtot2' on page 5 undefined on input line 352.


LaTeX Warning: Reference `hierarchy2' on page 5 undefined on input line 355.


LaTeX Warning: Reference `Fig2' on page 5 undefined on input line 357.

<Fig2a.png, id=36, 386.94562pt x 245.41687pt>
File: Fig2a.png Graphic file (type png)
 <use Fig2a.png>
Package pdftex.def Info: Fig2a.png used on input line 361.
(pdftex.def)             Requested size: 201.88007pt x 128.0374pt.

<Fig2b.png, id=37, 477.28313pt x 301.8778pt>
File: Fig2b.png Graphic file (type png)
 <use Fig2b.png>
Package pdftex.def Info: Fig2b.png used on input line 363.
(pdftex.def)             Requested size: 202.43117pt x 128.0374pt.


LaTeX Warning: Reference `Q1opt' on page 5 undefined on input line 369.


LaTeX Warning: Reference `Q2opt' on page 5 undefined on input line 369.


LaTeX Warning: Reference `Pei2' on page 5 undefined on input line 369.


LaTeX Warning: Reference `Pe2' on page 5 undefined on input line 369.

[5 <./Fig2a.png> <./Fig2b.png>]

LaTeX Warning: Reference `PE2' on page 6 undefined on input line 386.


Package natbib Warning: Citation `HB' on page 6 undefined on input line 386.


Package natbib Warning: Citation `BFH' on page 6 undefined on input line 386.


Package natbib Warning: Citation `BBFHH' on page 6 undefined on input line 386.



LaTeX Warning: Reference `Fig3' on page 6 undefined on input line 386.

<Fig3a.png, id=44, 387.69844pt x 252.19218pt>
File: Fig3a.png Graphic file (type png)
 <use Fig3a.png>
Package pdftex.def Info: Fig3a.png used on input line 392.
(pdftex.def)             Requested size: 196.83621pt x 128.0374pt.

<Fig3b.png, id=45, 78.3796pt x 50.4041pt>
File: Fig3b.png Graphic file (type png)
 <use Fig3b.png>
Package pdftex.def Info: Fig3b.png used on input line 394.
(pdftex.def)             Requested size: 199.15366pt x 128.0374pt.


LaTeX Warning: Reference `Fig2' on page 6 undefined on input line 399.


LaTeX Warning: Reference `Fig2' on page 6 undefined on input line 399.


LaTeX Warning: Reference `rho1and2' on page 6 undefined on input line 443.


LaTeX Warning: Reference `jordan' on page 6 undefined on input line 461.


LaTeX Warning: Reference `omegai' on page 6 undefined on input line 461.


LaTeX Warning: Reference `weights' on page 6 undefined on input line 461.


LaTeX Warning: Reference `omegai' on page 6 undefined on input line 483.


LaTeX Warning: Reference `NQtot' on page 6 undefined on input line 529.


LaTeX Warning: Reference `NPe' on page 6 undefined on input line 531.


LaTeX Warning: Reference `Pei2' on page 6 undefined on input line 536.

[6 <./Fig3a.png> <./Fig3b.png>]

LaTeX Warning: Reference `NQ0' on page 7 undefined on input line 581.


LaTeX Warning: Reference `Qth12' on page 7 undefined on input line 581.


LaTeX Warning: Reference `Q2opt' on page 7 undefined on input line 581.


LaTeX Warning: Reference `Pei2' on page 7 undefined on input line 583.


LaTeX Warning: Reference `NPe' on page 7 undefined on input line 583.


Overfull \hbox (19.98906pt too wide) in alignment at lines 593--603
 [][][] []
 []


LaTeX Warning: Reference `PEN' on page 7 undefined on input line 610.


LaTeX Warning: Reference `PE2' on page 7 undefined on input line 610.


LaTeX Warning: Reference `PEN' on page 7 undefined on input line 610.


Package natbib Warning: Citation `HB' on page 7 undefined on input line 610.


Package natbib Warning: Citation `BFH' on page 7 undefined on input line 610.


Package natbib Warning: Citation `BBFHH' on page 7 undefined on input line 610.



LaTeX Warning: Reference `hierarchy' on page 7 undefined on input line 618.


LaTeX Warning: Reference `Fig2' on page 7 undefined on input line 620.


LaTeX Warning: Reference `Fig4' on page 7 undefined on input line 622.


LaTeX Warning: Reference `Fig5' on page 7 undefined on input line 622.

<Fig4.png, id=50, 526.96875pt x 339.51843pt>
File: Fig4.png Graphic file (type png)
 <use Fig4.png>
Package pdftex.def Info: Fig4.png used on input line 627.
(pdftex.def)             Requested size: 176.64217pt x 113.81102pt.


LaTeX Warning: Reference `Qiopt' on page 7 undefined on input line 630.


LaTeX Warning: Reference `Qiopt' on page 7 undefined on input line 630.

<Fig5.png, id=51, 539.01375pt x 341.77687pt>
File: Fig5.png Graphic file (type png)
 <use Fig5.png>
Package pdftex.def Info: Fig5.png used on input line 637.
(pdftex.def)             Requested size: 179.48712pt x 113.81102pt.


LaTeX Warning: Reference `Pei2' on page 7 undefined on input line 640.


LaTeX Warning: Reference `Qiopt' on page 7 undefined on input line 640.


LaTeX Warning: Reference `Fig4' on page 7 undefined on input line 640.


LaTeX Warning: Reference `Pei2' on page 7 undefined on input line 640.


LaTeX Warning: Reference `Qiopt' on page 7 undefined on input line 640.


LaTeX Warning: Reference `Fig4' on page 7 undefined on input line 640.


LaTeX Warning: Reference `Pei2' on page 7 undefined on input line 644.


LaTeX Warning: Reference `PeSol2Exp' on page 7 undefined on input line 644.

[7]

LaTeX Warning: A float is stuck (cannot be placed); try class option [floatfix]
 on input line 645.


LaTeX Warning: Reference `Qb' on page 8 undefined on input line 650.


LaTeX Warning: Reference `Qmax' on page 8 undefined on input line 670.


LaTeX Warning: Reference `PeSol1' on page 8 undefined on input line 670.


LaTeX Warning: Reference `PeSol1' on page 8 undefined on input line 670.


LaTeX Warning: Reference `Fig1' on page 8 undefined on input line 672.


LaTeX Warning: Reference `sec:3' on page 8 undefined on input line 692.


LaTeX Warning: Reference `PeSol2Exp' on page 8 undefined on input line 692.


LaTeX Warning: Reference `Fig6' on page 8 undefined on input line 692.

<Fig6.png, id=57, 361.35pt x 238.8925pt>
File: Fig6.png Graphic file (type png)
 <use Fig6.png>
Package pdftex.def Info: Fig6.png used on input line 699.
(pdftex.def)             Requested size: 172.1503pt x 113.81102pt.


LaTeX Warning: Reference `Qiopt' on page 8 undefined on input line 702.


LaTeX Warning: Reference `Qiopt' on page 8 undefined on input line 702.


LaTeX Warning: Reference `Fig6' on page 8 undefined on input line 708.


LaTeX Warning: Reference `PeSol2Exp' on page 8 undefined on input line 708.


LaTeX Warning: Reference `Pei2' on page 8 undefined on input line 708.


LaTeX Warning: Reference `Fig7' on page 8 undefined on input line 708.

<Fig7.png, id=58, 361.35pt x 230.8625pt>
File: Fig7.png Graphic file (type png)
 <use Fig7.png>
Package pdftex.def Info: Fig7.png used on input line 714.
(pdftex.def)             Requested size: 178.13823pt x 113.81102pt.


LaTeX Warning: Reference `Qiopt' on page 8 undefined on input line 717.


LaTeX Warning: Reference `Fig6' on page 8 undefined on input line 717.


LaTeX Warning: Reference `Qiopt' on page 8 undefined on input line 717.


LaTeX Warning: Reference `Fig6' on page 8 undefined on input line 717.

[8 <./Fig4.png> <./Fig5.png> <./Fig6.png (PNG copy)>]

LaTeX Warning: A float is stuck (cannot be placed); try class option [floatfix]
 on input line 722.


Package natbib Warning: Citation `Bagan' on page 9 undefined on input line 724.



LaTeX Warning: Reference `PEN' on page 9 undefined on input line 724.


LaTeX Warning: Reference `LastBibItem' on page 9 undefined on input line 741.


Package natbib Warning: Citation `Herzog1' on page 9 undefined on input line 76
0.


Class revtex4 Warning: Endnote numbers changed: rerun LaTeX.


Package natbib Warning: There were undefined citations.

[9 <./Fig7.png (PNG copy)>] (./SubspaceInterpolationFinal.aux

Package natbib Warning: Citation(s) may have changed.
(natbib)                Rerun to get citations correct.

)

LaTeX Warning: There were undefined references.


LaTeX Warning: Label(s) may have changed. Rerun to get cross-references right .


 ) 
Here is how much of TeX's memory you used:
 4328 strings out of 493117
 55778 string characters out of 6135433
 153912 words of memory out of 5000000
 7708 multiletter control sequences out of 15000+600000
 14639 words of font info for 54 fonts, out of 8000000 for 9000
 1141 hyphenation exceptions out of 8191
 38i,15n,26p,1876b,338s stack positions out of 5000i,500n,10000p,200000b,80000s
</usr/local/texlive/2014/texmf-dist/fonts/type1/public/amsfonts/cm/cmbx10.pfb
></usr/local/texlive/2014/texmf-dist/fonts/type1/public/amsfonts/cm/cmbx12.pfb>
</usr/local/texlive/2014/texmf-dist/fonts/type1/public/amsfonts/cm/cmbx9.pfb></
usr/local/texlive/2014/texmf-dist/fonts/type1/public/amsfonts/cm/cmex10.pfb></u
sr/local/texlive/2014/texmf-dist/fonts/type1/public/amsfonts/cmextra/cmex7.pfb>
</usr/local/texlive/2014/texmf-dist/fonts/type1/public/amsfonts/cm/cmmi10.pfb><
/usr/local/texlive/2014/texmf-dist/fonts/type1/public/amsfonts/cm/cmmi5.pfb></u
sr/local/texlive/2014/texmf-dist/fonts/type1/public/amsfonts/cm/cmmi6.pfb></usr
/local/texlive/2014/texmf-dist/fonts/type1/public/amsfonts/cm/cmmi7.pfb></usr/l
ocal/texlive/2014/texmf-dist/fonts/type1/public/amsfonts/cm/cmmi9.pfb></usr/loc
al/texlive/2014/texmf-dist/fonts/type1/public/amsfonts/cm/cmr10.pfb></usr/local
/texlive/2014/texmf-dist/fonts/type1/public/amsfonts/cm/cmr5.pfb></usr/local/te
xlive/2014/texmf-dist/fonts/type1/public/amsfonts/cm/cmr6.pfb></usr/local/texli
ve/2014/texmf-dist/fonts/type1/public/amsfonts/cm/cmr7.pfb></usr/local/texlive/
2014/texmf-dist/fonts/type1/public/amsfonts/cm/cmr8.pfb></usr/local/texlive/201
4/texmf-dist/fonts/type1/public/amsfonts/cm/cmr9.pfb></usr/local/texlive/2014/t
exmf-dist/fonts/type1/public/amsfonts/cm/cmsy10.pfb></usr/local/texlive/2014/te
xmf-dist/fonts/type1/public/amsfonts/cm/cmsy7.pfb></usr/local/texlive/2014/texm
f-dist/fonts/type1/public/amsfonts/cm/cmsy9.pfb></usr/local/texlive/2014/texmf-
dist/fonts/type1/public/amsfonts/cm/cmti10.pfb></usr/local/texlive/2014/texmf-d
ist/fonts/type1/public/amsfonts/cm/cmti9.pfb></usr/local/texlive/2014/texmf-dis
t/fonts/type1/public/amsfonts/symbols/msbm10.pfb>
Output written on SubspaceInterpolationFinal.pdf (9 pages, 422465 bytes).
PDF statistics:
 134 PDF objects out of 1000 (max. 8388607)
 89 compressed objects within 1 object stream
 0 named destinations out of 1000 (max. 500000)
 46 words of extra memory for PDF output out of 10000 (max. 10000000)

